#
# There is insufficient memory for the Java Runtime Environment to continue.
# Native memory allocation (malloc) failed to allocate 1093776 bytes for Chunk::new
# Possible reasons:
#   The system is out of physical RAM or swap space
#   In 32 bit mode, the process size limit was hit
# Possible solutions:
#   Reduce memory load on the system
#   Increase physical memory or swap space
#   Check if swap backing store is full
#   Use 64 bit Java on a 64 bit OS
#   Decrease Java heap size (-Xmx/-Xms)
#   Decrease number of Java threads
#   Decrease Java thread stack sizes (-Xss)
#   Set larger code cache with -XX:ReservedCodeCacheSize=
# This output file may be truncated or incomplete.
#
#  Out of Memory Error (allocation.cpp:390), pid=9796, tid=0x000000000000225c
#
# JRE version: OpenJDK Runtime Environment (8.0_152-b01) (build 1.8.0_152-release-1248-b01)
# Java VM: OpenJDK 64-Bit Server VM (25.152-b01 mixed mode windows-amd64 compressed oops)
# Failed to write core dump. Minidumps are not enabled by default on client versions of Windows
#

---------------  T H R E A D  ---------------

Current thread (0x0000000015f06000):  JavaThread "C2 CompilerThread1" daemon [_thread_in_native, id=8796, stack(0x0000000017640000,0x0000000017740000)]

Stack: [0x0000000017640000,0x0000000017740000]
[error occurred during error reporting (printing stack bounds), id 0xc0000005]

Native frames: (J=compiled Java code, j=interpreted, Vv=VM code, C=native code)


Current CompileTask:
C2:  16946 1285       4       java.net.URLClassLoader$1::run (5 bytes)


---------------  P R O C E S S  ---------------

Java Threads: ( => current thread )
  0x0000000018cf8000 JavaThread "File lock request listener" [_thread_in_native, id=16104, stack(0x000000001c730000,0x000000001c830000)]
  0x0000000018199000 JavaThread "Cache worker for file hash cache (C:\Users\Lukep\.gradle\caches\4.10.2\fileHashes)" [_thread_blocked, id=1408, stack(0x000000001b660000,0x000000001b760000)]
  0x0000000018cdd800 JavaThread "Stdin handler" [_thread_blocked, id=11200, stack(0x000000001a390000,0x000000001a490000)]
  0x0000000018cf2000 JavaThread "Asynchronous log dispatcher for DefaultDaemonConnection: socket connection from /127.0.0.1:59630 to /127.0.0.1:59631" [_thread_blocked, id=13928, stack(0x000000001a290000,0x000000001a390000)]
  0x0000000018c94800 JavaThread "Daemon worker" [_thread_in_native, id=16164, stack(0x000000001a190000,0x000000001a290000)]
  0x0000000018c96000 JavaThread "Cancel handler" [_thread_blocked, id=15188, stack(0x000000001a090000,0x000000001a190000)]
  0x0000000018c91000 JavaThread "Handler for socket connection from /127.0.0.1:59630 to /127.0.0.1:59631" [_thread_in_native, id=6248, stack(0x0000000019f90000,0x000000001a090000)]
  0x0000000017948000 JavaThread "Daemon" [_thread_blocked, id=14888, stack(0x0000000019e90000,0x0000000019f90000)]
  0x0000000018191800 JavaThread "Daemon periodic checks" [_thread_blocked, id=13332, stack(0x0000000019d90000,0x0000000019e90000)]
  0x0000000018a21000 JavaThread "Incoming local TCP Connector on port 59630" [_thread_in_native, id=7672, stack(0x0000000019b50000,0x0000000019c50000)]
  0x0000000017870800 JavaThread "Service Thread" daemon [_thread_blocked, id=5884, stack(0x0000000017c40000,0x0000000017d40000)]
  0x0000000015f0e000 JavaThread "C1 CompilerThread2" daemon [_thread_blocked, id=13164, stack(0x0000000017740000,0x0000000017840000)]
=>0x0000000015f06000 JavaThread "C2 CompilerThread1" daemon [_thread_in_native, id=8796, stack(0x0000000017640000,0x0000000017740000)]
  0x0000000015f02800 JavaThread "C2 CompilerThread0" daemon [_thread_in_native, id=11484, stack(0x0000000017540000,0x0000000017640000)]
  0x0000000015f00800 JavaThread "Attach Listener" daemon [_thread_blocked, id=15316, stack(0x0000000017440000,0x0000000017540000)]
  0x0000000015eff800 JavaThread "Signal Dispatcher" daemon [_thread_blocked, id=3044, stack(0x0000000017340000,0x0000000017440000)]
  0x0000000015ee9800 JavaThread "Finalizer" daemon [_thread_blocked, id=12172, stack(0x0000000017150000,0x0000000017250000)]
  0x0000000002582000 JavaThread "Reference Handler" daemon [_thread_blocked, id=1492, stack(0x0000000017050000,0x0000000017150000)]
  0x0000000002492800 JavaThread "main" [_thread_blocked, id=2840, stack(0x0000000002390000,0x0000000002490000)]

Other Threads:
  0x0000000015ec6000 VMThread [stack: 0x0000000016f50000,0x0000000017050000] [id=2908]
  0x0000000015f5c800 WatcherThread [stack: 0x0000000017d40000,0x0000000017e40000] [id=12536]

VM state:not at safepoint (normal execution)

VM Mutex/Monitor currently owned by a thread: None

Heap:
 PSYoungGen      total 75776K, used 55115K [0x00000000e0000000, 0x00000000e5480000, 0x0000000100000000)
  eden space 65024K, 74% used [0x00000000e0000000,0x00000000e2f09948,0x00000000e3f80000)
  from space 10752K, 64% used [0x00000000e3f80000,0x00000000e4649350,0x00000000e4a00000)
  to   space 10752K, 0% used [0x00000000e4a00000,0x00000000e4a00000,0x00000000e5480000)
 ParOldGen       total 173568K, used 16K [0x00000000a0000000, 0x00000000aa980000, 0x00000000e0000000)
  object space 173568K, 0% used [0x00000000a0000000,0x00000000a0004000,0x00000000aa980000)
 Metaspace       used 14146K, capacity 14364K, committed 14720K, reserved 1062912K
  class space    used 2020K, capacity 2130K, committed 2176K, reserved 1048576K

Card table byte_map: [0x0000000011950000,0x0000000011c60000] byte_map_base: 0x0000000011450000

Marking Bits: (ParMarkBitMap*) 0x0000000068375aa0
 Begin Bits: [0x0000000012260000, 0x0000000013a60000)
 End Bits:   [0x0000000013a60000, 0x0000000015260000)

Polling page: 0x0000000000ac0000

CodeCache: size=245760Kb used=4251Kb max_used=4321Kb free=241508Kb
 bounds [0x0000000002590000, 0x00000000029e0000, 0x0000000011590000]
 total_blobs=1583 nmethods=1217 adapters=280
 compilation: enabled

Compilation events (10 events):
Event: 16.909 Thread 0x0000000015f0e000 1327       3       org.gradle.internal.service.DefaultServiceRegistry$OwnServices::getService (309 bytes)
Event: 16.911 Thread 0x0000000015f0e000 nmethod 1327 0x00000000027867d0 code [0x0000000002786ca0, 0x0000000002789bb8]
Event: 16.933 Thread 0x0000000015f0e000 1329       3       org.gradle.internal.logging.slf4j.OutputEventListenerBackedLogger::isDebugEnabled (8 bytes)
Event: 16.933 Thread 0x0000000015f0e000 nmethod 1329 0x00000000027c67d0 code [0x00000000027c6960, 0x00000000027c6e28]
Event: 16.936 Thread 0x0000000015f0e000 1330       3       org.gradle.internal.file.FilePathUtil::sizeOfCommonPrefix (142 bytes)
Event: 16.937 Thread 0x0000000015f0e000 nmethod 1330 0x00000000026bf290 code [0x00000000026bf500, 0x00000000026c0928]
Event: 16.937 Thread 0x0000000015f0e000 1332       3       org.gradle.internal.file.DefaultFileHierarchySet$Node::sizeOfCommonPrefix (10 bytes)
Event: 16.937 Thread 0x0000000015f0e000 nmethod 1332 0x00000000027f2790 code [0x00000000027f2900, 0x00000000027f2ae8]
Event: 16.937 Thread 0x0000000015f0e000 1331       3       java.util.AbstractCollection::isEmpty (13 bytes)
Event: 16.937 Thread 0x0000000015f0e000 nmethod 1331 0x00000000026fe6d0 code [0x00000000026fe840, 0x00000000026feaa8]

GC Heap History (2 events):
Event: 15.846 GC heap before
{Heap before GC invocations=1 (full 0):
 PSYoungGen      total 75776K, used 65024K [0x00000000e0000000, 0x00000000e5480000, 0x0000000100000000)
  eden space 65024K, 100% used [0x00000000e0000000,0x00000000e3f80000,0x00000000e3f80000)
  from space 10752K, 0% used [0x00000000e4a00000,0x00000000e4a00000,0x00000000e5480000)
  to   space 10752K, 0% used [0x00000000e3f80000,0x00000000e3f80000,0x00000000e4a00000)
 ParOldGen       total 173568K, used 0K [0x00000000a0000000, 0x00000000aa980000, 0x00000000e0000000)
  object space 173568K, 0% used [0x00000000a0000000,0x00000000a0000000,0x00000000aa980000)
 Metaspace       used 9084K, capacity 9404K, committed 9600K, reserved 1056768K
  class space    used 1212K, capacity 1324K, committed 1408K, reserved 1048576K
Event: 15.853 GC heap after
Heap after GC invocations=1 (full 0):
 PSYoungGen      total 75776K, used 6948K [0x00000000e0000000, 0x00000000e5480000, 0x0000000100000000)
  eden space 65024K, 0% used [0x00000000e0000000,0x00000000e0000000,0x00000000e3f80000)
  from space 10752K, 64% used [0x00000000e3f80000,0x00000000e4649350,0x00000000e4a00000)
  to   space 10752K, 0% used [0x00000000e4a00000,0x00000000e4a00000,0x00000000e5480000)
 ParOldGen       total 173568K, used 16K [0x00000000a0000000, 0x00000000aa980000, 0x00000000e0000000)
  object space 173568K, 0% used [0x00000000a0000000,0x00000000a0004000,0x00000000aa980000)
 Metaspace       used 9084K, capacity 9404K, committed 9600K, reserved 1056768K
  class space    used 1212K, capacity 1324K, committed 1408K, reserved 1048576K
}

Deoptimization events (10 events):
Event: 15.826 Thread 0x0000000002492800 Uncommon trap: reason=bimorphic action=maybe_recompile pc=0x0000000002814b34 method=java.util.HashMap.putVal(ILjava/lang/Object;Ljava/lang/Object;ZZ)Ljava/lang/Object; @ 203
Event: 16.009 Thread 0x0000000002492800 Uncommon trap: reason=unstable_if action=reinterpret pc=0x00000000028373d0 method=java.io.WinNTFileSystem.normalize(Ljava/lang/String;)Ljava/lang/String; @ 128
Event: 16.009 Thread 0x0000000002492800 Uncommon trap: reason=unstable_if action=reinterpret pc=0x000000000287aa0c method=java.io.WinNTFileSystem.normalize(Ljava/lang/String;II)Ljava/lang/String; @ 90
Event: 16.573 Thread 0x0000000018c94800 Uncommon trap: reason=bimorphic action=maybe_recompile pc=0x0000000002813ca4 method=java.util.HashMap.putVal(ILjava/lang/Object;Ljava/lang/Object;ZZ)Ljava/lang/Object; @ 253
Event: 16.573 Thread 0x0000000018c94800 Uncommon trap: reason=bimorphic action=maybe_recompile pc=0x0000000002813ca4 method=java.util.HashMap.putVal(ILjava/lang/Object;Ljava/lang/Object;ZZ)Ljava/lang/Object; @ 253
Event: 16.573 Thread 0x0000000018c94800 Uncommon trap: reason=bimorphic action=maybe_recompile pc=0x0000000002813ca4 method=java.util.HashMap.putVal(ILjava/lang/Object;Ljava/lang/Object;ZZ)Ljava/lang/Object; @ 253
Event: 16.872 Thread 0x0000000018c94800 Uncommon trap: reason=class_check action=maybe_recompile pc=0x0000000002842f58 method=java.util.regex.Matcher.match(II)Z @ 86
Event: 16.883 Thread 0x0000000018c94800 Uncommon trap: reason=class_check action=maybe_recompile pc=0x0000000002842f58 method=java.util.regex.Matcher.match(II)Z @ 86
Event: 16.883 Thread 0x0000000018c94800 Uncommon trap: reason=class_check action=maybe_recompile pc=0x0000000002842f58 method=java.util.regex.Matcher.match(II)Z @ 86
Event: 16.883 Thread 0x0000000018c94800 Uncommon trap: reason=class_check action=maybe_recompile pc=0x000000000280b85c method=java.util.regex.Matcher.match(II)Z @ 86

Classes redefined (0 events):
No events

Internal exceptions (10 events):
Event: 0.383 Thread 0x0000000002492800 Exception <a 'java/lang/ArrayIndexOutOfBoundsException'> (0x00000000e0fb2e40) thrown at [D:\src\AOSP-openjdk-cygwin\jdk8u\hotspot\src\share\vm\runtime\sharedRuntime.cpp, line 605]
Event: 0.383 Thread 0x0000000002492800 Exception <a 'java/lang/ArrayIndexOutOfBoundsException'> (0x00000000e0fbf108) thrown at [D:\src\AOSP-openjdk-cygwin\jdk8u\hotspot\src\share\vm\runtime\sharedRuntime.cpp, line 605]
Event: 0.384 Thread 0x0000000002492800 Exception <a 'java/lang/ArrayIndexOutOfBoundsException'> (0x00000000e0fc2138) thrown at [D:\src\AOSP-openjdk-cygwin\jdk8u\hotspot\src\share\vm\runtime\sharedRuntime.cpp, line 605]
Event: 0.384 Thread 0x0000000002492800 Exception <a 'java/lang/ArrayIndexOutOfBoundsException'> (0x00000000e0fcd0e8) thrown at [D:\src\AOSP-openjdk-cygwin\jdk8u\hotspot\src\share\vm\runtime\sharedRuntime.cpp, line 605]
Event: 0.385 Thread 0x0000000002492800 Exception <a 'java/lang/ArrayIndexOutOfBoundsException'> (0x00000000e0fe09a0) thrown at [D:\src\AOSP-openjdk-cygwin\jdk8u\hotspot\src\share\vm\runtime\sharedRuntime.cpp, line 605]
Event: 0.385 Thread 0x0000000002492800 Exception <a 'java/lang/ArrayIndexOutOfBoundsException'> (0x00000000e0fecaf8) thrown at [D:\src\AOSP-openjdk-cygwin\jdk8u\hotspot\src\share\vm\runtime\sharedRuntime.cpp, line 605]
Event: 0.385 Thread 0x0000000002492800 Exception <a 'java/lang/ArrayIndexOutOfBoundsException'> (0x00000000e0fee7d8) thrown at [D:\src\AOSP-openjdk-cygwin\jdk8u\hotspot\src\share\vm\runtime\sharedRuntime.cpp, line 605]
Event: 15.809 Thread 0x0000000002492800 Exception <a 'java/lang/NoSuchFieldError': method resolution failed> (0x00000000e3ce5340) thrown at [D:\src\AOSP-openjdk-cygwin\jdk8u\hotspot\src\share\vm\prims\methodHandles.cpp, line 1167]
Event: 15.810 Thread 0x0000000002492800 Exception <a 'java/lang/NoSuchFieldError': method resolution failed> (0x00000000e3cf2a30) thrown at [D:\src\AOSP-openjdk-cygwin\jdk8u\hotspot\src\share\vm\prims\methodHandles.cpp, line 1167]
Event: 16.511 Thread 0x0000000002492800 Exception <a 'java/io/IOException'> (0x00000000e05d43a0) thrown at [D:\src\AOSP-openjdk-cygwin\jdk8u\hotspot\src\share\vm\prims\jni.cpp, line 709]

Events (10 events):
Event: 16.941 loading class org/gradle/internal/typeconversion/JustReturningConverter
Event: 16.941 loading class org/gradle/internal/typeconversion/JustReturningConverter done
Event: 16.941 loading class org/gradle/internal/typeconversion/CompositeNotationConverter
Event: 16.941 loading class org/gradle/internal/typeconversion/CompositeNotationConverter done
Event: 16.941 loading class org/gradle/internal/typeconversion/NotationConverterToNotationParserAdapter
Event: 16.941 loading class org/gradle/internal/typeconversion/NotationConverterToNotationParserAdapter done
Event: 16.942 loading class org/gradle/internal/typeconversion/NotationConvertResult
Event: 16.942 loading class org/gradle/internal/typeconversion/NotationConvertResult done
Event: 16.942 loading class org/gradle/internal/typeconversion/UnsupportedNotationException
Event: 16.942 loading class org/gradle/internal/typeconversion/UnsupportedNotationException done


Dynamic libraries:
0x00007ff607d60000 - 0x00007ff607d91000 	C:\Program Files\Android\Android Studio\jre\bin\java.exe
0x00007ff9c1900000 - 0x00007ff9c1ae1000 	C:\WINDOWS\SYSTEM32\ntdll.dll
0x00007ff9c15b0000 - 0x00007ff9c1662000 	C:\WINDOWS\System32\KERNEL32.DLL
0x00007ff9bdd30000 - 0x00007ff9bdfa3000 	C:\WINDOWS\System32\KERNELBASE.dll
0x00007ff9c0d80000 - 0x00007ff9c0e21000 	C:\WINDOWS\System32\ADVAPI32.dll
0x00007ff9c1760000 - 0x00007ff9c17fe000 	C:\WINDOWS\System32\msvcrt.dll
0x00007ff9bef10000 - 0x00007ff9bef6b000 	C:\WINDOWS\System32\sechost.dll
0x00007ff9c0bf0000 - 0x00007ff9c0d14000 	C:\WINDOWS\System32\RPCRT4.dll
0x00007ff9c09f0000 - 0x00007ff9c0b80000 	C:\WINDOWS\System32\USER32.dll
0x00007ff9bea80000 - 0x00007ff9beaa0000 	C:\WINDOWS\System32\win32u.dll
0x00007ff9c03e0000 - 0x00007ff9c0408000 	C:\WINDOWS\System32\GDI32.dll
0x00007ff9bdfb0000 - 0x00007ff9be142000 	C:\WINDOWS\System32\gdi32full.dll
0x00007ff9be2d0000 - 0x00007ff9be36f000 	C:\WINDOWS\System32\msvcp_win.dll
0x00007ff9bec90000 - 0x00007ff9bed88000 	C:\WINDOWS\System32\ucrtbase.dll
0x00007ff9aef00000 - 0x00007ff9af169000 	C:\WINDOWS\WinSxS\amd64_microsoft.windows.common-controls_6595b64144ccf1df_6.0.17134.648_none_fb45a0e93062a6d2\COMCTL32.dll
0x00007ff9c0420000 - 0x00007ff9c0742000 	C:\WINDOWS\System32\combase.dll
0x00007ff9be150000 - 0x00007ff9be1ca000 	C:\WINDOWS\System32\bcryptPrimitives.dll
0x00007ff9c0f50000 - 0x00007ff9c0f7d000 	C:\WINDOWS\System32\IMM32.DLL
0x0000000065260000 - 0x0000000065332000 	C:\Program Files\Android\Android Studio\jre\jre\bin\msvcr100.dll
0x0000000067bb0000 - 0x00000000683f1000 	C:\Program Files\Android\Android Studio\jre\jre\bin\server\jvm.dll
0x00007ff9c0e30000 - 0x00007ff9c0e38000 	C:\WINDOWS\System32\PSAPI.DLL
0x00007ff99f380000 - 0x00007ff99f389000 	C:\WINDOWS\SYSTEM32\WSOCK32.dll
0x00007ff9bb5a0000 - 0x00007ff9bb5c3000 	C:\WINDOWS\SYSTEM32\WINMM.dll
0x00007ff9b3950000 - 0x00007ff9b395a000 	C:\WINDOWS\SYSTEM32\VERSION.dll
0x00007ff9c0b80000 - 0x00007ff9c0bec000 	C:\WINDOWS\System32\WS2_32.dll
0x00007ff9bb490000 - 0x00007ff9bb4ba000 	C:\WINDOWS\SYSTEM32\WINMMBASE.dll
0x00007ff9be280000 - 0x00007ff9be2c9000 	C:\WINDOWS\System32\cfgmgr32.dll
0x00007ff9b9d30000 - 0x00007ff9b9d3f000 	C:\Program Files\Android\Android Studio\jre\jre\bin\verify.dll
0x00007ff9b47a0000 - 0x00007ff9b47c9000 	C:\Program Files\Android\Android Studio\jre\jre\bin\java.dll
0x00007ff9b9d10000 - 0x00007ff9b9d26000 	C:\Program Files\Android\Android Studio\jre\jre\bin\zip.dll
0x00007ff9bef70000 - 0x00007ff9c03b0000 	C:\WINDOWS\System32\SHELL32.dll
0x00007ff9c0ea0000 - 0x00007ff9c0f49000 	C:\WINDOWS\System32\shcore.dll
0x00007ff9be370000 - 0x00007ff9bea7d000 	C:\WINDOWS\System32\windows.storage.dll
0x00007ff9c0d20000 - 0x00007ff9c0d71000 	C:\WINDOWS\System32\shlwapi.dll
0x00007ff9bdcb0000 - 0x00007ff9bdcc1000 	C:\WINDOWS\System32\kernel.appcore.dll
0x00007ff9bdc70000 - 0x00007ff9bdc8f000 	C:\WINDOWS\System32\profapi.dll
0x00007ff9bdc20000 - 0x00007ff9bdc6c000 	C:\WINDOWS\System32\powrprof.dll
0x00007ff9bdc10000 - 0x00007ff9bdc1a000 	C:\WINDOWS\System32\FLTLIB.DLL
0x00007ff9b8820000 - 0x00007ff9b883a000 	C:\Program Files\Android\Android Studio\jre\jre\bin\net.dll
0x00007ff9bd430000 - 0x00007ff9bd496000 	C:\WINDOWS\system32\mswsock.dll
0x00007ff9b47f0000 - 0x00007ff9b4801000 	C:\Program Files\Android\Android Studio\jre\jre\bin\nio.dll
0x00007ff9a7090000 - 0x00007ff9a70ae000 	C:\Users\Lukep\.gradle\native\25\windows-amd64\native-platform.dll
0x00007ff9b9c80000 - 0x00007ff9b9c8d000 	C:\Program Files\Android\Android Studio\jre\jre\bin\management.dll
0x00007ff9bd5e0000 - 0x00007ff9bd5f7000 	C:\WINDOWS\SYSTEM32\CRYPTSP.dll
0x00007ff9bd010000 - 0x00007ff9bd043000 	C:\WINDOWS\system32\rsaenh.dll
0x00007ff9bd710000 - 0x00007ff9bd735000 	C:\WINDOWS\SYSTEM32\bcrypt.dll
0x00007ff9bdb40000 - 0x00007ff9bdb68000 	C:\WINDOWS\SYSTEM32\USERENV.dll
0x00007ff9bd600000 - 0x00007ff9bd60b000 	C:\WINDOWS\SYSTEM32\CRYPTBASE.dll
0x00007ff9bd1b0000 - 0x00007ff9bd1e8000 	C:\WINDOWS\SYSTEM32\IPHLPAPI.DLL
0x00007ff9c03b0000 - 0x00007ff9c03b8000 	C:\WINDOWS\System32\NSI.dll
0x00007ff9b26e0000 - 0x00007ff9b26f6000 	C:\WINDOWS\SYSTEM32\dhcpcsvc6.DLL
0x00007ff9b26c0000 - 0x00007ff9b26da000 	C:\WINDOWS\SYSTEM32\dhcpcsvc.DLL

VM Arguments:
jvm_args: -Xmx1536M -Dfile.encoding=windows-1252 -Duser.country=US -Duser.language=en -Duser.variant 
java_command: org.gradle.launcher.daemon.bootstrap.GradleDaemon 4.10.2
java_class_path (initial): C:\Users\Lukep\.gradle\wrapper\dists\gradle-4.10.2-all\9fahxiiecdb76a5g3aw9oi8rv\gradle-4.10.2\lib\gradle-launcher-4.10.2.jar
Launcher Type: SUN_STANDARD

Environment Variables:
JAVA_HOME=C:\Program Files\Android\Android Studio\jre
CLASSPATH=C:\Users\Lukep\Desktop\KA\KitchenAssist\android\\gradle\wrapper\gradle-wrapper.jar
PATH=C:\Program Files (x86)\Intel\Intel(R) Management Engine Components\iCLS\;C:\Program Files\Intel\Intel(R) Management Engine Components\iCLS\;C:\Windows\system32;C:\Windows;C:\Windows\System32\Wbem;C:\Windows\System32\WindowsPowerShell\v1.0\;C:\Program Files (x86)\Intel\Intel(R) Management Engine Components\DAL;C:\Program Files\Intel\Intel(R) Management Engine Components\DAL;C:\Program Files (x86)\Intel\Intel(R) Management Engine Components\IPT;C:\Program Files\Intel\Intel(R) Management Engine Components\IPT;C:\Program Files (x86)\NVIDIA Corporation\PhysX\Common;C:\Program Files\Intel\WiFi\bin\;C:\Program Files\Common Files\Intel\WirelessCommon\;C:\WINDOWS\system32;C:\WINDOWS;C:\WINDOWS\System32\Wbem;C:\WINDOWS\System32\WindowsPowerShell\v1.0\;C:\WINDOWS\System32\OpenSSH\;C:\MinGW\bin;C:\Program Files\dotnet\;C:\Program Files\Git\cmd;C:\Program Files\NVIDIA Corporation\NVIDIA NvDLISR;C:\Users\Lukep\AppData\Local\Microsoft\WindowsApps
USERNAME=Lukep
OS=Windows_NT
PROCESSOR_IDENTIFIER=Intel64 Family 6 Model 158 Stepping 9, GenuineIntel



---------------  S Y S T E M  ---------------

OS: Windows 10.0 , 64 bit Build 17134 (10.0.17134.648)

CPU:total 4 (initial active 4) (4 cores per cpu, 1 threads per core) family 6 model 158 stepping 9, cmov, cx8, fxsr, mmx, sse, sse2, sse3, ssse3, sse4.1, sse4.2, popcnt, avx, avx2, aes, clmul, erms, 3dnowpref, lzcnt, tsc, tscinvbit, bmi1, bmi2, adx

Memory: 4k page, physical 16640468k(3389908k free), swap 16640468k(5384k free)

vm_info: OpenJDK 64-Bit Server VM (25.152-b01) for windows-amd64 JRE (1.8.0_152-release-1248-b01), built by "builder" with MS VC++ 10.0 (VS2010)

time: Thu Apr 04 16:46:38 2019
elapsed time: 16 seconds (0d 0h 0m 16s)

