#
# There is insufficient memory for the Java Runtime Environment to continue.
# Native memory allocation (malloc) failed to allocate 262160 bytes for Chunk::new
# Possible reasons:
#   The system is out of physical RAM or swap space
#   In 32 bit mode, the process size limit was hit
# Possible solutions:
#   Reduce memory load on the system
#   Increase physical memory or swap space
#   Check if swap backing store is full
#   Use 64 bit Java on a 64 bit OS
#   Decrease Java heap size (-Xmx/-Xms)
#   Decrease number of Java threads
#   Decrease Java thread stack sizes (-Xss)
#   Set larger code cache with -XX:ReservedCodeCacheSize=
# This output file may be truncated or incomplete.
#
#  Out of Memory Error (allocation.cpp:390), pid=2556, tid=0x000000000000254c
#
# JRE version: OpenJDK Runtime Environment (8.0_152-b01) (build 1.8.0_152-release-1248-b01)
# Java VM: OpenJDK 64-Bit Server VM (25.152-b01 mixed mode windows-amd64 compressed oops)
# Failed to write core dump. Minidumps are not enabled by default on client versions of Windows
#

---------------  T H R E A D  ---------------

Current thread (0x0000000016371000):  JavaThread "C2 CompilerThread0" daemon [_thread_in_native, id=9548, stack(0x00000000179c0000,0x0000000017ac0000)]

Stack: [0x00000000179c0000,0x0000000017ac0000]
[error occurred during error reporting (printing stack bounds), id 0xc0000005]

Native frames: (J=compiled Java code, j=interpreted, Vv=VM code, C=native code)


Current CompileTask:
C2:   7725 3961   !   4       com.sun.beans.TypeResolver::resolve (274 bytes)


---------------  P R O C E S S  ---------------

Java Threads: ( => current thread )
  0x000000001ee81800 JavaThread "Build operations Thread 4" [_thread_blocked, id=13876, stack(0x0000000021700000,0x0000000021800000)]
  0x000000001aff3000 JavaThread "Build operations Thread 3" [_thread_blocked, id=7784, stack(0x0000000020570000,0x0000000020670000)]
  0x000000001aff6000 JavaThread "Build operations Thread 2" [_thread_blocked, id=6548, stack(0x0000000020470000,0x0000000020570000)]
  0x000000001aff1800 JavaThread "Build operations" [_thread_blocked, id=8396, stack(0x0000000020370000,0x0000000020470000)]
  0x000000001afef800 JavaThread "Cache worker for Artifact transforms cache (C:\Users\Lukep\.gradle\caches\transforms-1)" [_thread_blocked, id=15084, stack(0x0000000020070000,0x0000000020170000)]
  0x000000001aff5800 JavaThread "Cache worker for cache directory md-rule (C:\Users\Lukep\.gradle\caches\4.10.2\md-rule)" [_thread_blocked, id=544, stack(0x000000001ff70000,0x0000000020070000)]
  0x000000001aff2800 JavaThread "Cache worker for cache directory md-supplier (C:\Users\Lukep\.gradle\caches\4.10.2\md-supplier)" [_thread_blocked, id=4420, stack(0x000000001e5b0000,0x000000001e6b0000)]
  0x000000001aff1000 JavaThread "Cache worker for journal cache (C:\Users\Lukep\.gradle\caches\journal-1)" [_thread_blocked, id=6312, stack(0x000000001e4b0000,0x000000001e5b0000)]
  0x000000001aff4000 JavaThread "Cache worker for file hash cache (C:\Users\Lukep\Desktop\KA\KitchenAssist\android\.gradle\4.10.2\fileHashes)" [_thread_blocked, id=13968, stack(0x000000001bee0000,0x000000001bfe0000)]
  0x000000001acc5000 JavaThread "File lock request listener" [_thread_in_native, id=1264, stack(0x000000001bbe0000,0x000000001bce0000)]
  0x0000000019a8e800 JavaThread "Cache worker for file hash cache (C:\Users\Lukep\.gradle\caches\4.10.2\fileHashes)" [_thread_blocked, id=2824, stack(0x000000001bae0000,0x000000001bbe0000)]
  0x0000000019492800 JavaThread "Stdin handler" [_thread_blocked, id=7056, stack(0x000000001a810000,0x000000001a910000)]
  0x000000001948f000 JavaThread "Asynchronous log dispatcher for DefaultDaemonConnection: socket connection from /127.0.0.1:58909 to /127.0.0.1:58910" [_thread_blocked, id=2388, stack(0x000000001a710000,0x000000001a810000)]
  0x000000001948d800 JavaThread "Daemon worker" [_thread_in_native, id=4064, stack(0x000000001a610000,0x000000001a710000)]
  0x0000000019483800 JavaThread "Cancel handler" [_thread_blocked, id=8224, stack(0x000000001a510000,0x000000001a610000)]
  0x0000000019427800 JavaThread "Handler for socket connection from /127.0.0.1:58909 to /127.0.0.1:58910" [_thread_in_native, id=5696, stack(0x000000001a410000,0x000000001a510000)]
  0x000000001941e800 JavaThread "Daemon" [_thread_blocked, id=7252, stack(0x000000001a310000,0x000000001a410000)]
  0x00000000193f7000 JavaThread "Daemon periodic checks" [_thread_blocked, id=8908, stack(0x000000001a210000,0x000000001a310000)]
  0x00000000193ed800 JavaThread "Incoming local TCP Connector on port 58909" [_thread_in_native, id=12984, stack(0x0000000019fd0000,0x000000001a0d0000)]
  0x00000000163ce800 JavaThread "Service Thread" daemon [_thread_blocked, id=6956, stack(0x00000000180c0000,0x00000000181c0000)]
  0x000000001637c000 JavaThread "C1 CompilerThread2" daemon [_thread_blocked, id=9988, stack(0x0000000017bc0000,0x0000000017cc0000)]
  0x0000000016375000 JavaThread "C2 CompilerThread1" daemon [_thread_in_native, id=1736, stack(0x0000000017ac0000,0x0000000017bc0000)]
=>0x0000000016371000 JavaThread "C2 CompilerThread0" daemon [_thread_in_native, id=9548, stack(0x00000000179c0000,0x0000000017ac0000)]
  0x000000001636e800 JavaThread "Attach Listener" daemon [_thread_blocked, id=15012, stack(0x00000000178c0000,0x00000000179c0000)]
  0x000000001636d800 JavaThread "Signal Dispatcher" daemon [_thread_blocked, id=812, stack(0x00000000177c0000,0x00000000178c0000)]
  0x00000000029fb000 JavaThread "Finalizer" daemon [_thread_blocked, id=7424, stack(0x00000000175d0000,0x00000000176d0000)]
  0x00000000029f2000 JavaThread "Reference Handler" daemon [_thread_blocked, id=9572, stack(0x00000000174d0000,0x00000000175d0000)]
  0x0000000002902800 JavaThread "main" [_thread_blocked, id=864, stack(0x0000000002800000,0x0000000002900000)]

Other Threads:
  0x0000000016336800 VMThread [stack: 0x00000000173d0000,0x00000000174d0000] [id=2560]
  0x0000000017ced000 WatcherThread [stack: 0x00000000181c0000,0x00000000182c0000] [id=452]

VM state:not at safepoint (normal execution)

VM Mutex/Monitor currently owned by a thread: None

Heap:
 PSYoungGen      total 160768K, used 111902K [0x00000000e0000000, 0x00000000ee000000, 0x0000000100000000)
  eden space 146944K, 76% used [0x00000000e0000000,0x00000000e6d47ac0,0x00000000e8f80000)
  from space 13824K, 0% used [0x00000000e9c80000,0x00000000e9c80000,0x00000000eaa00000)
  to   space 13312K, 0% used [0x00000000e8f80000,0x00000000e8f80000,0x00000000e9c80000)
 ParOldGen       total 108032K, used 15096K [0x00000000a0000000, 0x00000000a6980000, 0x00000000e0000000)
  object space 108032K, 13% used [0x00000000a0000000,0x00000000a0ebe240,0x00000000a6980000)
 Metaspace       used 41933K, capacity 42702K, committed 42840K, reserved 1085440K
  class space    used 5716K, capacity 5997K, committed 6016K, reserved 1048576K

Card table byte_map: [0x0000000011dc0000,0x00000000120d0000] byte_map_base: 0x00000000118c0000

Marking Bits: (ParMarkBitMap*) 0x00000000631f5aa0
 Begin Bits: [0x00000000126d0000, 0x0000000013ed0000)
 End Bits:   [0x0000000013ed0000, 0x00000000156d0000)

Polling page: 0x0000000000ef0000

CodeCache: size=245760Kb used=14483Kb max_used=14483Kb free=231276Kb
 bounds [0x0000000002a00000, 0x0000000003830000, 0x0000000011a00000]
 total_blobs=4696 nmethods=3938 adapters=671
 compilation: enabled

Compilation events (10 events):
Event: 7.694 Thread 0x000000001637c000 3986       3       java.util.Arrays$LegacyMergeSort::access$000 (4 bytes)
Event: 7.694 Thread 0x000000001637c000 nmethod 3986 0x000000000381f550 code [0x000000000381f6a0, 0x000000000381f7d0]
Event: 7.699 Thread 0x000000001637c000 3987       3       com.google.common.collect.Hashing::needsResizing (23 bytes)
Event: 7.699 Thread 0x000000001637c000 nmethod 3987 0x000000000381f150 code [0x000000000381f2a0, 0x000000000381f4b0]
Event: 7.700 Thread 0x000000001637c000 3988       1       org.codehaus.groovy.runtime.metaclass.ClosureMetaClass::isInitialized (5 bytes)
Event: 7.700 Thread 0x000000001637c000 nmethod 3988 0x000000000382e690 code [0x000000000382e7e0, 0x000000000382e8f0]
Event: 7.710 Thread 0x000000001637c000 3990       1       java.beans.GenericBeanInfo::getPropertyDescriptors (5 bytes)
Event: 7.710 Thread 0x000000001637c000 nmethod 3990 0x000000000382ecd0 code [0x000000000382ee20, 0x000000000382ef30]
Event: 7.710 Thread 0x000000001637c000 3991       1       java.beans.GenericBeanInfo::getEventSetDescriptors (5 bytes)
Event: 7.710 Thread 0x000000001637c000 nmethod 3991 0x000000000382ef90 code [0x000000000382f0e0, 0x000000000382f1f0]

GC Heap History (10 events):
Event: 2.952 GC heap before
{Heap before GC invocations=4 (full 1):
 PSYoungGen      total 75776K, used 9600K [0x00000000e0000000, 0x00000000e9400000, 0x0000000100000000)
  eden space 65024K, 0% used [0x00000000e0000000,0x00000000e0000000,0x00000000e3f80000)
  from space 10752K, 89% used [0x00000000e3f80000,0x00000000e48e0010,0x00000000e4a00000)
  to   space 10752K, 0% used [0x00000000e8980000,0x00000000e8980000,0x00000000e9400000)
 ParOldGen       total 173568K, used 32K [0x00000000a0000000, 0x00000000aa980000, 0x00000000e0000000)
  object space 173568K, 0% used [0x00000000a0000000,0x00000000a0008000,0x00000000aa980000)
 Metaspace       used 20775K, capacity 21102K, committed 21248K, reserved 1067008K
  class space    used 2900K, capacity 3035K, committed 3072K, reserved 1048576K
Event: 2.997 GC heap after
Heap after GC invocations=4 (full 1):
 PSYoungGen      total 75776K, used 0K [0x00000000e0000000, 0x00000000e9400000, 0x0000000100000000)
  eden space 65024K, 0% used [0x00000000e0000000,0x00000000e0000000,0x00000000e3f80000)
  from space 10752K, 0% used [0x00000000e3f80000,0x00000000e3f80000,0x00000000e4a00000)
  to   space 10752K, 0% used [0x00000000e8980000,0x00000000e8980000,0x00000000e9400000)
 ParOldGen       total 108032K, used 9378K [0x00000000a0000000, 0x00000000a6980000, 0x00000000e0000000)
  object space 108032K, 8% used [0x00000000a0000000,0x00000000a0928bd8,0x00000000a6980000)
 Metaspace       used 20775K, capacity 21102K, committed 21248K, reserved 1067008K
  class space    used 2900K, capacity 3035K, committed 3072K, reserved 1048576K
}
Event: 4.252 GC heap before
{Heap before GC invocations=5 (full 1):
 PSYoungGen      total 75776K, used 65024K [0x00000000e0000000, 0x00000000e9400000, 0x0000000100000000)
  eden space 65024K, 100% used [0x00000000e0000000,0x00000000e3f80000,0x00000000e3f80000)
  from space 10752K, 0% used [0x00000000e3f80000,0x00000000e3f80000,0x00000000e4a00000)
  to   space 10752K, 0% used [0x00000000e8980000,0x00000000e8980000,0x00000000e9400000)
 ParOldGen       total 108032K, used 9378K [0x00000000a0000000, 0x00000000a6980000, 0x00000000e0000000)
  object space 108032K, 8% used [0x00000000a0000000,0x00000000a0928bd8,0x00000000a6980000)
 Metaspace       used 26503K, capacity 26794K, committed 27136K, reserved 1073152K
  class space    used 3595K, capacity 3736K, committed 3840K, reserved 1048576K
Event: 4.273 GC heap after
Heap after GC invocations=5 (full 1):
 PSYoungGen      total 104448K, used 7125K [0x00000000e0000000, 0x00000000e9080000, 0x0000000100000000)
  eden space 97280K, 0% used [0x00000000e0000000,0x00000000e0000000,0x00000000e5f00000)
  from space 7168K, 99% used [0x00000000e8980000,0x00000000e9075438,0x00000000e9080000)
  to   space 10752K, 0% used [0x00000000e7b80000,0x00000000e7b80000,0x00000000e8600000)
 ParOldGen       total 108032K, used 9386K [0x00000000a0000000, 0x00000000a6980000, 0x00000000e0000000)
  object space 108032K, 8% used [0x00000000a0000000,0x00000000a092abd8,0x00000000a6980000)
 Metaspace       used 26503K, capacity 26794K, committed 27136K, reserved 1073152K
  class space    used 3595K, capacity 3736K, committed 3840K, reserved 1048576K
}
Event: 5.913 GC heap before
{Heap before GC invocations=6 (full 1):
 PSYoungGen      total 104448K, used 104405K [0x00000000e0000000, 0x00000000e9080000, 0x0000000100000000)
  eden space 97280K, 100% used [0x00000000e0000000,0x00000000e5f00000,0x00000000e5f00000)
  from space 7168K, 99% used [0x00000000e8980000,0x00000000e9075438,0x00000000e9080000)
  to   space 10752K, 0% used [0x00000000e7b80000,0x00000000e7b80000,0x00000000e8600000)
 ParOldGen       total 108032K, used 9386K [0x00000000a0000000, 0x00000000a6980000, 0x00000000e0000000)
  object space 108032K, 8% used [0x00000000a0000000,0x00000000a092abd8,0x00000000a6980000)
 Metaspace       used 33557K, capacity 34098K, committed 34432K, reserved 1079296K
  class space    used 4653K, capacity 4870K, committed 4992K, reserved 1048576K
Event: 5.940 GC heap after
Heap after GC invocations=6 (full 1):
 PSYoungGen      total 137216K, used 10727K [0x00000000e0000000, 0x00000000eaa00000, 0x0000000100000000)
  eden space 126464K, 0% used [0x00000000e0000000,0x00000000e0000000,0x00000000e7b80000)
  from space 10752K, 99% used [0x00000000e7b80000,0x00000000e85f9e30,0x00000000e8600000)
  to   space 13824K, 0% used [0x00000000e9c80000,0x00000000e9c80000,0x00000000eaa00000)
 ParOldGen       total 108032K, used 11210K [0x00000000a0000000, 0x00000000a6980000, 0x00000000e0000000)
  object space 108032K, 10% used [0x00000000a0000000,0x00000000a0af2828,0x00000000a6980000)
 Metaspace       used 33557K, capacity 34098K, committed 34432K, reserved 1079296K
  class space    used 4653K, capacity 4870K, committed 4992K, reserved 1048576K
}
Event: 6.128 GC heap before
{Heap before GC invocations=7 (full 1):
 PSYoungGen      total 137216K, used 18949K [0x00000000e0000000, 0x00000000eaa00000, 0x0000000100000000)
  eden space 126464K, 6% used [0x00000000e0000000,0x00000000e08077c8,0x00000000e7b80000)
  from space 10752K, 99% used [0x00000000e7b80000,0x00000000e85f9e30,0x00000000e8600000)
  to   space 13824K, 0% used [0x00000000e9c80000,0x00000000e9c80000,0x00000000eaa00000)
 ParOldGen       total 108032K, used 11210K [0x00000000a0000000, 0x00000000a6980000, 0x00000000e0000000)
  object space 108032K, 10% used [0x00000000a0000000,0x00000000a0af2828,0x00000000a6980000)
 Metaspace       used 34596K, capacity 35154K, committed 35416K, reserved 1079296K
  class space    used 4754K, capacity 4966K, committed 4992K, reserved 1048576K
Event: 6.137 GC heap after
Heap after GC invocations=7 (full 1):
 PSYoungGen      total 160768K, used 8247K [0x00000000e0000000, 0x00000000ee000000, 0x0000000100000000)
  eden space 146944K, 0% used [0x00000000e0000000,0x00000000e0000000,0x00000000e8f80000)
  from space 13824K, 59% used [0x00000000e9c80000,0x00000000ea48df30,0x00000000eaa00000)
  to   space 13312K, 0% used [0x00000000e8f80000,0x00000000e8f80000,0x00000000e9c80000)
 ParOldGen       total 108032K, used 11218K [0x00000000a0000000, 0x00000000a6980000, 0x00000000e0000000)
  object space 108032K, 10% used [0x00000000a0000000,0x00000000a0af4828,0x00000000a6980000)
 Metaspace       used 34596K, capacity 35154K, committed 35416K, reserved 1079296K
  class space    used 4754K, capacity 4966K, committed 4992K, reserved 1048576K
}
Event: 6.137 GC heap before
{Heap before GC invocations=8 (full 2):
 PSYoungGen      total 160768K, used 8247K [0x00000000e0000000, 0x00000000ee000000, 0x0000000100000000)
  eden space 146944K, 0% used [0x00000000e0000000,0x00000000e0000000,0x00000000e8f80000)
  from space 13824K, 59% used [0x00000000e9c80000,0x00000000ea48df30,0x00000000eaa00000)
  to   space 13312K, 0% used [0x00000000e8f80000,0x00000000e8f80000,0x00000000e9c80000)
 ParOldGen       total 108032K, used 11218K [0x00000000a0000000, 0x00000000a6980000, 0x00000000e0000000)
  object space 108032K, 10% used [0x00000000a0000000,0x00000000a0af4828,0x00000000a6980000)
 Metaspace       used 34596K, capacity 35154K, committed 35416K, reserved 1079296K
  class space    used 4754K, capacity 4966K, committed 4992K, reserved 1048576K
Event: 6.189 GC heap after
Heap after GC invocations=8 (full 2):
 PSYoungGen      total 160768K, used 0K [0x00000000e0000000, 0x00000000ee000000, 0x0000000100000000)
  eden space 146944K, 0% used [0x00000000e0000000,0x00000000e0000000,0x00000000e8f80000)
  from space 13824K, 0% used [0x00000000e9c80000,0x00000000e9c80000,0x00000000eaa00000)
  to   space 13312K, 0% used [0x00000000e8f80000,0x00000000e8f80000,0x00000000e9c80000)
 ParOldGen       total 108032K, used 15096K [0x00000000a0000000, 0x00000000a6980000, 0x00000000e0000000)
  object space 108032K, 13% used [0x00000000a0000000,0x00000000a0ebe240,0x00000000a6980000)
 Metaspace       used 34596K, capacity 35154K, committed 35416K, reserved 1079296K
  class space    used 4754K, capacity 4966K, committed 4992K, reserved 1048576K
}

Deoptimization events (10 events):
Event: 6.617 Thread 0x000000001948d800 Uncommon trap: reason=unstable_if action=reinterpret pc=0x0000000002b3e4b0 method=java.security.CodeSource.<init>(Ljava/net/URL;[Ljava/security/CodeSigner;)V @ 25
Event: 6.618 Thread 0x000000001948d800 Uncommon trap: reason=unstable_if action=reinterpret pc=0x0000000002efbf6c method=java.security.CodeSource.getCertificates()[Ljava/security/cert/Certificate; @ 22
Event: 6.618 Thread 0x000000001948d800 Uncommon trap: reason=unstable_if action=reinterpret pc=0x00000000035433b0 method=java.util.jar.JarFile.getInputStream(Ljava/util/zip/ZipEntry;)Ljava/io/InputStream; @ 21
Event: 6.619 Thread 0x000000001948d800 Uncommon trap: reason=unstable_if action=reinterpret pc=0x00000000035c7104 method=java.util.jar.JarFile$JarFileEntry.getCodeSigners()[Ljava/security/CodeSigner; @ 24
Event: 6.619 Thread 0x000000001948d800 Uncommon trap: reason=unstable_if action=reinterpret pc=0x000000000359071c method=java.security.CodeSource.matchCerts(Ljava/security/CodeSource;Z)Z @ 11
Event: 6.637 Thread 0x000000001948d800 Uncommon trap: reason=unstable_if action=reinterpret pc=0x000000000347e3d0 method=java.util.LinkedHashMap.get(Ljava/lang/Object;)Ljava/lang/Object; @ 20
Event: 6.670 Thread 0x000000001948d800 Uncommon trap: reason=unstable_if action=reinterpret pc=0x000000000359baa0 method=java.security.CodeSource.matchCerts(Ljava/security/CodeSource;Z)Z @ 11
Event: 6.715 Thread 0x000000001948d800 Uncommon trap: reason=unstable_if action=reinterpret pc=0x00000000033110e4 method=org.objectweb.asm.ByteVector.putUTF8(Ljava/lang/String;)Lorg/objectweb/asm/ByteVector; @ 91
Event: 6.824 Thread 0x000000001948d800 Uncommon trap: reason=unstable_if action=reinterpret pc=0x00000000032531f0 method=org.objectweb.asm.ByteVector.putUTF8(Ljava/lang/String;)Lorg/objectweb/asm/ByteVector; @ 91
Event: 7.147 Thread 0x000000001948d800 Uncommon trap: reason=class_check action=maybe_recompile pc=0x00000000035c27a4 method=java.lang.reflect.Executable.getAnnotation(Ljava/lang/Class;)Ljava/lang/annotation/Annotation; @ 19

Classes redefined (0 events):
No events

Internal exceptions (10 events):
Event: 7.637 Thread 0x000000001948d800 Exception <a 'java/lang/ClassNotFoundException': org/gradle/api/tasks/AbstractCopyTaskCustomizer> (0x00000000e6788838) thrown at [D:\src\AOSP-openjdk-cygwin\jdk8u\hotspot\src\share\vm\classfile\systemDictionary.cpp, line 210]
Event: 7.646 Thread 0x000000001948d800 Exception <a 'java/lang/ClassNotFoundException': org/gradle/api/tasks/bundling/AbstractArchiveTaskCustomizer> (0x00000000e685c3b0) thrown at [D:\src\AOSP-openjdk-cygwin\jdk8u\hotspot\src\share\vm\classfile\systemDictionary.cpp, line 210]
Event: 7.651 Thread 0x000000001948d800 Exception <a 'java/lang/ClassNotFoundException': org/gradle/api/tasks/bundling/ZipCustomizer> (0x00000000e68cf1e0) thrown at [D:\src\AOSP-openjdk-cygwin\jdk8u\hotspot\src\share\vm\classfile\systemDictionary.cpp, line 210]
Event: 7.653 Thread 0x000000001948d800 Exception <a 'java/lang/ClassNotFoundException': org/gradle/jvm/tasks/JarCustomizer> (0x00000000e692e470) thrown at [D:\src\AOSP-openjdk-cygwin\jdk8u\hotspot\src\share\vm\classfile\systemDictionary.cpp, line 210]
Event: 7.657 Thread 0x000000001948d800 Exception <a 'java/lang/ClassNotFoundException': org/gradle/api/tasks/bundling/JarCustomizer> (0x00000000e699f6b8) thrown at [D:\src\AOSP-openjdk-cygwin\jdk8u\hotspot\src\share\vm\classfile\systemDictionary.cpp, line 210]
Event: 7.664 Thread 0x000000001948d800 Exception <a 'java/lang/ClassNotFoundException': org/gradle/api/tasks/bundling/Jar_DecoratedCustomizer> (0x00000000e6a0da60) thrown at [D:\src\AOSP-openjdk-cygwin\jdk8u\hotspot\src\share\vm\classfile\systemDictionary.cpp, line 210]
Event: 7.702 Thread 0x000000001948d800 Exception <a 'java/lang/ClassNotFoundException': org/gradle/api/internal/file/copy/CopySpecWrapper_DecoratedBeanInfo> (0x00000000e6b82598) thrown at [D:\src\AOSP-openjdk-cygwin\jdk8u\hotspot\src\share\vm\classfile\systemDictionary.cpp, line 210]
Event: 7.703 Thread 0x000000001948d800 Exception <a 'java/lang/ClassNotFoundException': org/gradle/api/internal/file/copy/CopySpecWrapperBeanInfo> (0x00000000e6bc0450) thrown at [D:\src\AOSP-openjdk-cygwin\jdk8u\hotspot\src\share\vm\classfile\systemDictionary.cpp, line 210]
Event: 7.704 Thread 0x000000001948d800 Exception <a 'java/lang/ClassNotFoundException': org/gradle/api/internal/file/copy/CopySpecWrapperCustomizer> (0x00000000e6c007c0) thrown at [D:\src\AOSP-openjdk-cygwin\jdk8u\hotspot\src\share\vm\classfile\systemDictionary.cpp, line 210]
Event: 7.709 Thread 0x000000001948d800 Exception <a 'java/lang/ClassNotFoundException': org/gradle/api/internal/file/copy/CopySpecWrapper_DecoratedCustomizer> (0x00000000e6ca1410) thrown at [D:\src\AOSP-openjdk-cygwin\jdk8u\hotspot\src\share\vm\classfile\systemDictionary.cpp, line 210]

Events (10 events):
Event: 7.707 loading class org/gradle/api/internal/file/copy/CopySpecWrapper_DecoratedCustomizer
Event: 7.707 loading class org/gradle/api/internal/file/copy/CopySpecWrapper_DecoratedCustomizer done
Event: 7.707 loading class org/gradle/api/internal/file/copy/CopySpecWrapper_DecoratedCustomizer
Event: 7.707 loading class org/gradle/api/internal/file/copy/CopySpecWrapper_DecoratedCustomizer done
Event: 7.709 loading class org/gradle/api/internal/file/copy/CopySpecWrapper_DecoratedCustomizer
Event: 7.709 loading class org/gradle/api/internal/file/copy/CopySpecWrapper_DecoratedCustomizer done
Event: 7.710 loading class groovy/lang/ProxyMetaClass
Event: 7.710 loading class groovy/lang/ProxyMetaClass done
Event: 7.711 loading class FlutterPlugin$_apply_closure5$_closure16
Event: 7.711 loading class FlutterPlugin$_apply_closure5$_closure16 done


Dynamic libraries:
0x00007ff75df40000 - 0x00007ff75df71000 	C:\Program Files\Android\Android Studio\jre\bin\java.exe
0x00007ff80d350000 - 0x00007ff80d531000 	C:\WINDOWS\SYSTEM32\ntdll.dll
0x00007ff80cde0000 - 0x00007ff80ce91000 	C:\WINDOWS\System32\KERNEL32.DLL
0x00007ff80a000000 - 0x00007ff80a273000 	C:\WINDOWS\System32\KERNELBASE.dll
0x00007ff80d270000 - 0x00007ff80d311000 	C:\WINDOWS\System32\ADVAPI32.dll
0x00007ff80ace0000 - 0x00007ff80ad7e000 	C:\WINDOWS\System32\msvcrt.dll
0x00007ff80c920000 - 0x00007ff80c97b000 	C:\WINDOWS\System32\sechost.dll
0x00007ff80ccb0000 - 0x00007ff80cdd4000 	C:\WINDOWS\System32\RPCRT4.dll
0x00007ff80cf80000 - 0x00007ff80d110000 	C:\WINDOWS\System32\USER32.dll
0x00007ff809e90000 - 0x00007ff809eb0000 	C:\WINDOWS\System32\win32u.dll
0x00007ff80a980000 - 0x00007ff80a9a8000 	C:\WINDOWS\System32\GDI32.dll
0x00007ff80a350000 - 0x00007ff80a4e2000 	C:\WINDOWS\System32\gdi32full.dll
0x00007ff809f60000 - 0x00007ff809fff000 	C:\WINDOWS\System32\msvcp_win.dll
0x00007ff80a6e0000 - 0x00007ff80a7d8000 	C:\WINDOWS\System32\ucrtbase.dll
0x00007ffffe790000 - 0x00007ffffe9f9000 	C:\WINDOWS\WinSxS\amd64_microsoft.windows.common-controls_6595b64144ccf1df_6.0.17134.706_none_fb43a2cb30647007\COMCTL32.dll
0x00007ff80a9b0000 - 0x00007ff80acd2000 	C:\WINDOWS\System32\combase.dll
0x00007ff80a2d0000 - 0x00007ff80a34a000 	C:\WINDOWS\System32\bcryptPrimitives.dll
0x00007ff80d110000 - 0x00007ff80d13d000 	C:\WINDOWS\System32\IMM32.DLL
0x0000000060190000 - 0x0000000060262000 	C:\Program Files\Android\Android Studio\jre\jre\bin\msvcr100.dll
0x0000000062a30000 - 0x0000000063271000 	C:\Program Files\Android\Android Studio\jre\jre\bin\server\jvm.dll
0x00007ff80c220000 - 0x00007ff80c228000 	C:\WINDOWS\System32\PSAPI.DLL
0x00007ffff3e70000 - 0x00007ffff3e79000 	C:\WINDOWS\SYSTEM32\WSOCK32.dll
0x00007ff806ff0000 - 0x00007ff807013000 	C:\WINDOWS\SYSTEM32\WINMM.dll
0x00007ff8034d0000 - 0x00007ff8034da000 	C:\WINDOWS\SYSTEM32\VERSION.dll
0x00007ff80d160000 - 0x00007ff80d1cc000 	C:\WINDOWS\System32\WS2_32.dll
0x00007ff806fc0000 - 0x00007ff806fea000 	C:\WINDOWS\SYSTEM32\winmmbase.dll
0x00007ff80a280000 - 0x00007ff80a2c9000 	C:\WINDOWS\System32\cfgmgr32.dll
0x00007ffff76d0000 - 0x00007ffff76df000 	C:\Program Files\Android\Android Studio\jre\jre\bin\verify.dll
0x00007ffff6250000 - 0x00007ffff6279000 	C:\Program Files\Android\Android Studio\jre\jre\bin\java.dll
0x00007ffff5670000 - 0x00007ffff5686000 	C:\Program Files\Android\Android Studio\jre\jre\bin\zip.dll
0x00007ff80ad80000 - 0x00007ff80c1c0000 	C:\WINDOWS\System32\SHELL32.dll
0x00007ff80c870000 - 0x00007ff80c919000 	C:\WINDOWS\System32\shcore.dll
0x00007ff809780000 - 0x00007ff809e8d000 	C:\WINDOWS\System32\windows.storage.dll
0x00007ff80c240000 - 0x00007ff80c291000 	C:\WINDOWS\System32\shlwapi.dll
0x00007ff809700000 - 0x00007ff809711000 	C:\WINDOWS\System32\kernel.appcore.dll
0x00007ff809670000 - 0x00007ff80968f000 	C:\WINDOWS\System32\profapi.dll
0x00007ff8096b0000 - 0x00007ff8096fc000 	C:\WINDOWS\System32\powrprof.dll
0x00007ff809660000 - 0x00007ff80966a000 	C:\WINDOWS\System32\FLTLIB.DLL
0x00007ffff5300000 - 0x00007ffff531a000 	C:\Program Files\Android\Android Studio\jre\jre\bin\net.dll
0x00007ff808ee0000 - 0x00007ff808f46000 	C:\WINDOWS\system32\mswsock.dll
0x00007ffff4e90000 - 0x00007ffff4ea1000 	C:\Program Files\Android\Android Studio\jre\jre\bin\nio.dll
0x00007ffff7540000 - 0x00007ffff755e000 	C:\Users\Lukep\.gradle\native\25\windows-amd64\native-platform.dll
0x00007ffff76a0000 - 0x00007ffff76ad000 	C:\Program Files\Android\Android Studio\jre\jre\bin\management.dll
0x00007ff809090000 - 0x00007ff8090a7000 	C:\WINDOWS\SYSTEM32\CRYPTSP.dll
0x00007ff808ac0000 - 0x00007ff808af3000 	C:\WINDOWS\system32\rsaenh.dll
0x00007ff8091c0000 - 0x00007ff8091e5000 	C:\WINDOWS\SYSTEM32\bcrypt.dll
0x00007ff809560000 - 0x00007ff809588000 	C:\WINDOWS\SYSTEM32\USERENV.dll
0x00007ff8090b0000 - 0x00007ff8090bb000 	C:\WINDOWS\SYSTEM32\CRYPTBASE.dll
0x00007ff808c60000 - 0x00007ff808c98000 	C:\WINDOWS\SYSTEM32\IPHLPAPI.DLL
0x00007ff80c230000 - 0x00007ff80c238000 	C:\WINDOWS\System32\NSI.dll
0x00007ff800b50000 - 0x00007ff800b66000 	C:\WINDOWS\SYSTEM32\dhcpcsvc6.DLL
0x00007ff8016c0000 - 0x00007ff8016da000 	C:\WINDOWS\SYSTEM32\dhcpcsvc.DLL

VM Arguments:
jvm_args: -Xmx1536M -Dfile.encoding=windows-1252 -Duser.country=US -Duser.language=en -Duser.variant 
java_command: org.gradle.launcher.daemon.bootstrap.GradleDaemon 4.10.2
java_class_path (initial): C:\Users\Lukep\.gradle\wrapper\dists\gradle-4.10.2-all\9fahxiiecdb76a5g3aw9oi8rv\gradle-4.10.2\lib\gradle-launcher-4.10.2.jar
Launcher Type: SUN_STANDARD

Environment Variables:
JAVA_HOME=C:\Program Files\Android\Android Studio\jre
CLASSPATH=C:\Users\Lukep\Desktop\KA\KitchenAssist\android\\gradle\wrapper\gradle-wrapper.jar
PATH=C:\Program Files (x86)\Intel\Intel(R) Management Engine Components\iCLS\;C:\Program Files\Intel\Intel(R) Management Engine Components\iCLS\;C:\Windows\system32;C:\Windows;C:\Windows\System32\Wbem;C:\Windows\System32\WindowsPowerShell\v1.0\;C:\Program Files (x86)\Intel\Intel(R) Management Engine Components\DAL;C:\Program Files\Intel\Intel(R) Management Engine Components\DAL;C:\Program Files (x86)\Intel\Intel(R) Management Engine Components\IPT;C:\Program Files\Intel\Intel(R) Management Engine Components\IPT;C:\Program Files (x86)\NVIDIA Corporation\PhysX\Common;C:\Program Files\Intel\WiFi\bin\;C:\Program Files\Common Files\Intel\WirelessCommon\;C:\WINDOWS\system32;C:\WINDOWS;C:\WINDOWS\System32\Wbem;C:\WINDOWS\System32\WindowsPowerShell\v1.0\;C:\WINDOWS\System32\OpenSSH\;C:\MinGW\bin;C:\Program Files\dotnet\;C:\Program Files\Git\cmd;C:\Program Files\NVIDIA Corporation\NVIDIA NvDLISR;C:\Users\Lukep\AppData\Local\Microsoft\WindowsApps
USERNAME=Lukep
OS=Windows_NT
PROCESSOR_IDENTIFIER=Intel64 Family 6 Model 158 Stepping 9, GenuineIntel



---------------  S Y S T E M  ---------------

OS: Windows 10.0 , 64 bit Build 17134 (10.0.17134.706)

CPU:total 4 (initial active 4) (4 cores per cpu, 1 threads per core) family 6 model 158 stepping 9, cmov, cx8, fxsr, mmx, sse, sse2, sse3, ssse3, sse4.1, sse4.2, popcnt, avx, avx2, aes, clmul, erms, 3dnowpref, lzcnt, tsc, tscinvbit, bmi1, bmi2, adx

Memory: 4k page, physical 16640468k(4401532k free), swap 16640468k(4080k free)

vm_info: OpenJDK 64-Bit Server VM (25.152-b01) for windows-amd64 JRE (1.8.0_152-release-1248-b01), built by "builder" with MS VC++ 10.0 (VS2010)

time: Mon Apr 15 17:44:00 2019
elapsed time: 7 seconds (0d 0h 0m 7s)

