#
# There is insufficient memory for the Java Runtime Environment to continue.
# Native memory allocation (malloc) failed to allocate 32744 bytes for ChunkPool::allocate
# Possible reasons:
#   The system is out of physical RAM or swap space
#   In 32 bit mode, the process size limit was hit
# Possible solutions:
#   Reduce memory load on the system
#   Increase physical memory or swap space
#   Check if swap backing store is full
#   Use 64 bit Java on a 64 bit OS
#   Decrease Java heap size (-Xmx/-Xms)
#   Decrease number of Java threads
#   Decrease Java thread stack sizes (-Xss)
#   Set larger code cache with -XX:ReservedCodeCacheSize=
# This output file may be truncated or incomplete.
#
#  Out of Memory Error (allocation.cpp:273), pid=3304, tid=0x000000000000088c
#
# JRE version: OpenJDK Runtime Environment (8.0_152-b01) (build 1.8.0_152-release-1248-b01)
# Java VM: OpenJDK 64-Bit Server VM (25.152-b01 mixed mode windows-amd64 compressed oops)
# Failed to write core dump. Minidumps are not enabled by default on client versions of Windows
#

---------------  T H R E A D  ---------------

Current thread (0x0000000002842800):  JavaThread "main" [_thread_in_vm, id=2188, stack(0x0000000002700000,0x0000000002800000)]

Stack: [0x0000000002700000,0x0000000002800000]
[error occurred during error reporting (printing stack bounds), id 0xc0000005]

Native frames: (J=compiled Java code, j=interpreted, Vv=VM code, C=native code)

Java frames: (J=compiled Java code, j=interpreted, Vv=VM code)
J 339  java.lang.Throwable.fillInStackTrace(I)Ljava/lang/Throwable; (0 bytes) @ 0x0000000002b5c27b [0x0000000002b5c240+0x3b]
J 363 C1 java.lang.Throwable.<init>(Ljava/lang/String;Ljava/lang/Throwable;)V (39 bytes) @ 0x0000000002b6d53c [0x0000000002b6d1e0+0x35c]
J 343 C1 java.lang.ClassNotFoundException.<init>(Ljava/lang/String;)V (7 bytes) @ 0x0000000002b67a9c [0x0000000002b67980+0x11c]
J 296 C1 java.net.URLClassLoader.findClass(Ljava/lang/String;)Ljava/lang/Class; (47 bytes) @ 0x0000000002b4137c [0x0000000002b41040+0x33c]
J 129 C1 java.lang.ClassLoader.loadClass(Ljava/lang/String;Z)Ljava/lang/Class; (122 bytes) @ 0x0000000002ae8274 [0x0000000002ae7900+0x974]
J 129 C1 java.lang.ClassLoader.loadClass(Ljava/lang/String;Z)Ljava/lang/Class; (122 bytes) @ 0x0000000002ae8014 [0x0000000002ae7900+0x714]
J 129 C1 java.lang.ClassLoader.loadClass(Ljava/lang/String;Z)Ljava/lang/Class; (122 bytes) @ 0x0000000002ae8014 [0x0000000002ae7900+0x714]
J 291 C1 java.lang.ClassLoader.loadClass(Ljava/lang/String;)Ljava/lang/Class; (7 bytes) @ 0x0000000002b4014c [0x0000000002b40040+0x10c]
v  ~StubRoutines::call_stub
j  com.google.common.collect.Lists$ReverseList.listIterator(I)Ljava/util/ListIterator;+17
j  java.util.AbstractList.listIterator()Ljava/util/ListIterator;+2
j  com.google.common.collect.Lists$ReverseList.iterator()Ljava/util/Iterator;+1
j  org.gradle.util.internal.LimitedDescription.toString()Ljava/lang/String;+30
j  org.gradle.util.GFileUtils.tail(Ljava/io/File;I)Ljava/lang/String;+62
j  org.gradle.launcher.daemon.diagnostics.DaemonDiagnostics.tailDaemonLog()Ljava/lang/String;+6
j  org.gradle.launcher.daemon.diagnostics.DaemonDiagnostics.describe()Ljava/lang/String;+42
j  org.gradle.launcher.daemon.client.DaemonClient.handleDaemonDisappearance(Lorg/gradle/launcher/daemon/protocol/Build;Lorg/gradle/launcher/daemon/diagnostics/DaemonDiagnostics;)Lorg/gradle/launcher/daemon/protocol/Result;+15
j  org.gradle.launcher.daemon.client.DaemonClient.monitorBuild(Lorg/gradle/launcher/daemon/protocol/Build;Lorg/gradle/launcher/daemon/diagnostics/DaemonDiagnostics;Lorg/gradle/internal/remote/internal/Connection;Lorg/gradle/initialization/BuildCancellationToken;Lorg/gradle/initialization/BuildEventConsumer;)Ljava/lang/Object;+111
j  org.gradle.launcher.daemon.client.DaemonClient.executeBuild(Lorg/gradle/launcher/daemon/protocol/Build;Lorg/gradle/launcher/daemon/client/DaemonClientConnection;Lorg/gradle/initialization/BuildCancellationToken;Lorg/gradle/initialization/BuildEventConsumer;)Ljava/lang/Object;+115
j  org.gradle.launcher.daemon.client.DaemonClient.execute(Lorg/gradle/internal/invocation/BuildAction;Lorg/gradle/initialization/BuildRequestContext;Lorg/gradle/launcher/exec/BuildActionParameters;Lorg/gradle/internal/service/ServiceRegistry;)Ljava/lang/Object;+150
j  org.gradle.launcher.daemon.client.DaemonClient.execute(Lorg/gradle/internal/invocation/BuildAction;Lorg/gradle/initialization/BuildRequestContext;Ljava/lang/Object;Lorg/gradle/internal/service/ServiceRegistry;)Ljava/lang/Object;+9
j  org.gradle.launcher.cli.RunBuildAction.run()V+59
j  org.gradle.internal.Actions$RunnableActionAdapter.execute(Ljava/lang/Object;)V+4
j  org.gradle.launcher.cli.CommandLineActionFactory$ParseAndBuildAction.execute(Lorg/gradle/launcher/bootstrap/ExecutionListener;)V+124
j  org.gradle.launcher.cli.CommandLineActionFactory$ParseAndBuildAction.execute(Ljava/lang/Object;)V+5
j  org.gradle.launcher.cli.ExceptionReportingAction.execute(Lorg/gradle/launcher/bootstrap/ExecutionListener;)V+5
j  org.gradle.launcher.cli.ExceptionReportingAction.execute(Ljava/lang/Object;)V+5
j  org.gradle.launcher.cli.CommandLineActionFactory$WithLogging.execute(Lorg/gradle/launcher/bootstrap/ExecutionListener;)V+351
j  org.gradle.launcher.cli.CommandLineActionFactory$WithLogging.execute(Ljava/lang/Object;)V+5
j  org.gradle.launcher.Main.doAction([Ljava/lang/String;Lorg/gradle/launcher/bootstrap/ExecutionListener;)V+20
j  org.gradle.launcher.bootstrap.EntryPoint.run([Ljava/lang/String;)V+12
v  ~StubRoutines::call_stub
j  sun.reflect.NativeMethodAccessorImpl.invoke0(Ljava/lang/reflect/Method;Ljava/lang/Object;[Ljava/lang/Object;)Ljava/lang/Object;+0
j  sun.reflect.NativeMethodAccessorImpl.invoke(Ljava/lang/Object;[Ljava/lang/Object;)Ljava/lang/Object;+100
j  sun.reflect.DelegatingMethodAccessorImpl.invoke(Ljava/lang/Object;[Ljava/lang/Object;)Ljava/lang/Object;+6
j  java.lang.reflect.Method.invoke(Ljava/lang/Object;[Ljava/lang/Object;)Ljava/lang/Object;+56
j  org.gradle.launcher.bootstrap.ProcessBootstrap.runNoExit(Ljava/lang/String;[Ljava/lang/String;)V+147
j  org.gradle.launcher.bootstrap.ProcessBootstrap.run(Ljava/lang/String;[Ljava/lang/String;)V+3
j  org.gradle.launcher.GradleMain.main([Ljava/lang/String;)V+10
v  ~StubRoutines::call_stub
j  sun.reflect.NativeMethodAccessorImpl.invoke0(Ljava/lang/reflect/Method;Ljava/lang/Object;[Ljava/lang/Object;)Ljava/lang/Object;+0
j  sun.reflect.NativeMethodAccessorImpl.invoke(Ljava/lang/Object;[Ljava/lang/Object;)Ljava/lang/Object;+100
j  sun.reflect.DelegatingMethodAccessorImpl.invoke(Ljava/lang/Object;[Ljava/lang/Object;)Ljava/lang/Object;+6
j  java.lang.reflect.Method.invoke(Ljava/lang/Object;[Ljava/lang/Object;)Ljava/lang/Object;+56
j  org.gradle.wrapper.BootstrapMainStarter.start([Ljava/lang/String;Ljava/io/File;)V+82
j  org.gradle.wrapper.WrapperExecutor.execute([Ljava/lang/String;Lorg/gradle/wrapper/Install;Lorg/gradle/wrapper/BootstrapMainStarter;)V+14
j  org.gradle.wrapper.GradleWrapperMain.main([Ljava/lang/String;)V+190
v  ~StubRoutines::call_stub

---------------  P R O C E S S  ---------------

Java Threads: ( => current thread )
  0x000000001e467800 JavaThread "Forward input" [_thread_blocked, id=7464, stack(0x0000000020190000,0x0000000020290000)]
  0x000000001e23c000 JavaThread "pool-1-thread-1" [_thread_blocked, id=15848, stack(0x000000001e680000,0x000000001e780000)]
  0x000000001d8a0800 JavaThread "Service Thread" daemon [_thread_blocked, id=15204, stack(0x000000001dc80000,0x000000001dd80000)]
  0x000000001bf4b800 JavaThread "C1 CompilerThread2" daemon [_thread_blocked, id=1220, stack(0x000000001d780000,0x000000001d880000)]
  0x000000001bf43000 JavaThread "C2 CompilerThread1" daemon [_thread_in_native, id=16208, stack(0x000000001d680000,0x000000001d780000)]
  0x000000001bf40000 JavaThread "C2 CompilerThread0" daemon [_thread_in_native, id=3128, stack(0x000000001d580000,0x000000001d680000)]
  0x000000001bf3d800 JavaThread "Attach Listener" daemon [_thread_blocked, id=2488, stack(0x000000001d480000,0x000000001d580000)]
  0x000000001bf3c800 JavaThread "Signal Dispatcher" daemon [_thread_blocked, id=13552, stack(0x000000001d380000,0x000000001d480000)]
  0x000000000293c800 JavaThread "Finalizer" daemon [_thread_blocked, id=8336, stack(0x000000001d190000,0x000000001d290000)]
  0x0000000002931800 JavaThread "Reference Handler" daemon [_thread_blocked, id=15356, stack(0x000000001d090000,0x000000001d190000)]
=>0x0000000002842800 JavaThread "main" [_thread_in_vm, id=2188, stack(0x0000000002700000,0x0000000002800000)]

Other Threads:
  0x000000001bf07800 VMThread [stack: 0x000000001cf90000,0x000000001d090000] [id=13236]
  0x000000001d8bb000 WatcherThread [stack: 0x000000001dd80000,0x000000001de80000] [id=6944]

VM state:not at safepoint (normal execution)

VM Mutex/Monitor currently owned by a thread: None

Heap:
 PSYoungGen      total 75776K, used 42957K [0x000000076b580000, 0x0000000770a00000, 0x00000007c0000000)
  eden space 65024K, 66% used [0x000000076b580000,0x000000076df735b0,0x000000076f500000)
  from space 10752K, 0% used [0x000000076ff80000,0x000000076ff80000,0x0000000770a00000)
  to   space 10752K, 0% used [0x000000076f500000,0x000000076f500000,0x000000076ff80000)
 ParOldGen       total 173568K, used 0K [0x00000006c2000000, 0x00000006cc980000, 0x000000076b580000)
  object space 173568K, 0% used [0x00000006c2000000,0x00000006c2000000,0x00000006cc980000)
 Metaspace       used 10990K, capacity 11230K, committed 11520K, reserved 1058816K
  class space    used 1435K, capacity 1531K, committed 1536K, reserved 1048576K

Card table byte_map: [0x0000000011d60000,0x0000000012560000] byte_map_base: 0x000000000e750000

Marking Bits: (ParMarkBitMap*) 0x0000000059995aa0
 Begin Bits: [0x0000000012eb0000, 0x0000000016e30000)
 End Bits:   [0x0000000016e30000, 0x000000001adb0000)

Polling page: 0x0000000000ee0000

CodeCache: size=245760Kb used=3233Kb max_used=3233Kb free=242526Kb
 bounds [0x00000000029a0000, 0x0000000002cd0000, 0x00000000119a0000]
 total_blobs=1249 nmethods=895 adapters=268
 compilation: enabled

Compilation events (10 events):
Event: 15.084 Thread 0x000000001bf4b800 nmethod 893 0x0000000002cc7210 code [0x0000000002cc7360, 0x0000000002cc7470]
Event: 15.084 Thread 0x000000001bf4b800  894       3       java.io.BufferedReader::readLine (6 bytes)
Event: 15.084 Thread 0x000000001bf4b800 nmethod 894 0x0000000002cc74d0 code [0x0000000002cc7640, 0x0000000002cc77e8]
Event: 15.084 Thread 0x000000001bf4b800  895       3       java.util.LinkedList::checkPositionIndex (22 bytes)
Event: 15.085 Thread 0x000000001bf40000  898 % !   4       java.io.BufferedReader::readLine @ 131 (304 bytes)
Event: 15.085 Thread 0x000000001bf4b800 nmethod 895 0x0000000002cc7890 code [0x0000000002cc7aa0, 0x0000000002cc8678]
Event: 15.085 Thread 0x000000001bf4b800  896       3       java.util.LinkedList::isPositionIndex (18 bytes)
Event: 15.085 Thread 0x000000001bf4b800 nmethod 896 0x0000000002cc8c50 code [0x0000000002cc8da0, 0x0000000002cc8f90]
Event: 15.085 Thread 0x000000001bf4b800  897       3       java.util.LinkedList::node (65 bytes)
Event: 15.085 Thread 0x000000001bf4b800 nmethod 897 0x0000000002cc9010 code [0x0000000002cc9180, 0x0000000002cc9490]

GC Heap History (0 events):
No events

Deoptimization events (2 events):
Event: 0.767 Thread 0x0000000002842800 Uncommon trap: reason=unstable_if action=reinterpret pc=0x0000000002be2214 method=java.util.HashMap.hash(Ljava/lang/Object;)I @ 1
Event: 0.823 Thread 0x0000000002842800 Uncommon trap: reason=unstable_if action=reinterpret pc=0x0000000002bd6804 method=java.util.HashMap.getNode(ILjava/lang/Object;)Ljava/util/HashMap$Node; @ 129

Classes redefined (0 events):
No events

Internal exceptions (10 events):
Event: 0.781 Thread 0x0000000002842800 Exception <a 'java/lang/ArrayIndexOutOfBoundsException'> (0x000000076cf025c8) thrown at [D:\src\AOSP-openjdk-cygwin\jdk8u\hotspot\src\share\vm\runtime\sharedRuntime.cpp, line 605]
Event: 0.783 Thread 0x0000000002842800 Exception <a 'java/lang/ArrayIndexOutOfBoundsException'> (0x000000076cf16db8) thrown at [D:\src\AOSP-openjdk-cygwin\jdk8u\hotspot\src\share\vm\runtime\sharedRuntime.cpp, line 605]
Event: 0.783 Thread 0x0000000002842800 Exception <a 'java/lang/ArrayIndexOutOfBoundsException'> (0x000000076cf1aeb0) thrown at [D:\src\AOSP-openjdk-cygwin\jdk8u\hotspot\src\share\vm\runtime\sharedRuntime.cpp, line 605]
Event: 0.787 Thread 0x0000000002842800 Exception <a 'java/lang/ArrayIndexOutOfBoundsException'> (0x000000076cf85408) thrown at [D:\src\AOSP-openjdk-cygwin\jdk8u\hotspot\src\share\vm\runtime\sharedRuntime.cpp, line 605]
Event: 0.787 Thread 0x0000000002842800 Exception <a 'java/lang/ArrayIndexOutOfBoundsException'> (0x000000076cf867d0) thrown at [D:\src\AOSP-openjdk-cygwin\jdk8u\hotspot\src\share\vm\runtime\sharedRuntime.cpp, line 605]
Event: 0.787 Thread 0x0000000002842800 Exception <a 'java/lang/ArrayIndexOutOfBoundsException'> (0x000000076cf87e50) thrown at [D:\src\AOSP-openjdk-cygwin\jdk8u\hotspot\src\share\vm\runtime\sharedRuntime.cpp, line 605]
Event: 0.787 Thread 0x0000000002842800 Exception <a 'java/lang/ArrayIndexOutOfBoundsException'> (0x000000076cf88f80) thrown at [D:\src\AOSP-openjdk-cygwin\jdk8u\hotspot\src\share\vm\runtime\sharedRuntime.cpp, line 605]
Event: 0.788 Thread 0x0000000002842800 Exception <a 'java/lang/ArrayIndexOutOfBoundsException'> (0x000000076cf8c688) thrown at [D:\src\AOSP-openjdk-cygwin\jdk8u\hotspot\src\share\vm\runtime\sharedRuntime.cpp, line 605]
Event: 0.800 Thread 0x0000000002842800 Exception <a 'java/lang/NoClassDefFoundError': org/slf4j/impl/StaticMarkerBinder> (0x000000076d042b60) thrown at [D:\src\AOSP-openjdk-cygwin\jdk8u\hotspot\src\share\vm\classfile\systemDictionary.cpp, line 199]
Event: 15.081 Thread 0x0000000002842800 Exception <a 'java/io/IOException'> (0x000000076dd585f8) thrown at [D:\src\AOSP-openjdk-cygwin\jdk8u\hotspot\src\share\vm\prims\jni.cpp, line 709]

Events (10 events):
Event: 15.081 loading class org/slf4j/helpers/MessageFormatter
Event: 15.081 loading class org/slf4j/helpers/MessageFormatter done
Event: 15.082 loading class org/slf4j/helpers/FormattingTuple
Event: 15.082 loading class org/slf4j/helpers/FormattingTuple done
Event: 15.083 loading class org/gradle/util/internal/LimitedDescription
Event: 15.083 loading class org/gradle/util/internal/LimitedDescription done
Event: 15.085 loading class com/google/common/collect/Lists$ReverseList
Event: 15.085 loading class com/google/common/collect/Lists$ReverseList done
Event: 15.086 loading class com/google/common/collect/Lists$ReverseList$1
Event: 15.086 loading class com/google/common/collect/Lists$ReverseList$1 done


Dynamic libraries:
0x00007ff652de0000 - 0x00007ff652e11000 	C:\Program Files\Android\Android Studio\jre\bin\java.exe
0x00007ffe6c740000 - 0x00007ffe6c921000 	C:\WINDOWS\SYSTEM32\ntdll.dll
0x00007ffe6a2a0000 - 0x00007ffe6a351000 	C:\WINDOWS\System32\KERNEL32.DLL
0x00007ffe68f20000 - 0x00007ffe69193000 	C:\WINDOWS\System32\KERNELBASE.dll
0x00007ffe6a840000 - 0x00007ffe6a8e1000 	C:\WINDOWS\System32\ADVAPI32.dll
0x00007ffe6ada0000 - 0x00007ffe6ae3e000 	C:\WINDOWS\System32\msvcrt.dll
0x00007ffe69cc0000 - 0x00007ffe69d1b000 	C:\WINDOWS\System32\sechost.dll
0x00007ffe69d20000 - 0x00007ffe69e44000 	C:\WINDOWS\System32\RPCRT4.dll
0x00007ffe6c3e0000 - 0x00007ffe6c570000 	C:\WINDOWS\System32\USER32.dll
0x00007ffe69bb0000 - 0x00007ffe69bd0000 	C:\WINDOWS\System32\win32u.dll
0x00007ffe6a410000 - 0x00007ffe6a438000 	C:\WINDOWS\System32\GDI32.dll
0x00007ffe698b0000 - 0x00007ffe69a42000 	C:\WINDOWS\System32\gdi32full.dll
0x00007ffe68d80000 - 0x00007ffe68e1f000 	C:\WINDOWS\System32\msvcp_win.dll
0x00007ffe68e20000 - 0x00007ffe68f18000 	C:\WINDOWS\System32\ucrtbase.dll
0x00007ffe5aaf0000 - 0x00007ffe5ad59000 	C:\WINDOWS\WinSxS\amd64_microsoft.windows.common-controls_6595b64144ccf1df_6.0.17134.706_none_fb43a2cb30647007\COMCTL32.dll
0x00007ffe6a8f0000 - 0x00007ffe6ac12000 	C:\WINDOWS\System32\combase.dll
0x00007ffe68b10000 - 0x00007ffe68b8a000 	C:\WINDOWS\System32\bcryptPrimitives.dll
0x00007ffe6a4b0000 - 0x00007ffe6a4dd000 	C:\WINDOWS\System32\IMM32.DLL
0x0000000056930000 - 0x0000000056a02000 	C:\Program Files\Android\Android Studio\jre\jre\bin\msvcr100.dll
0x00000000591d0000 - 0x0000000059a11000 	C:\Program Files\Android\Android Studio\jre\jre\bin\server\jvm.dll
0x00007ffe6c610000 - 0x00007ffe6c618000 	C:\WINDOWS\System32\PSAPI.DLL
0x00007ffe5a300000 - 0x00007ffe5a309000 	C:\WINDOWS\SYSTEM32\WSOCK32.dll
0x00007ffe5cc60000 - 0x00007ffe5cc83000 	C:\WINDOWS\SYSTEM32\WINMM.dll
0x00007ffe6a440000 - 0x00007ffe6a4ac000 	C:\WINDOWS\System32\WS2_32.dll
0x00007ffe64520000 - 0x00007ffe6452a000 	C:\WINDOWS\SYSTEM32\VERSION.dll
0x00007ffe5cc30000 - 0x00007ffe5cc5a000 	C:\WINDOWS\SYSTEM32\WINMMBASE.dll
0x00007ffe69b60000 - 0x00007ffe69ba9000 	C:\WINDOWS\System32\cfgmgr32.dll
0x00007ffe63320000 - 0x00007ffe6332f000 	C:\Program Files\Android\Android Studio\jre\jre\bin\verify.dll
0x00007ffe5c4c0000 - 0x00007ffe5c4e9000 	C:\Program Files\Android\Android Studio\jre\jre\bin\java.dll
0x00007ffe62e90000 - 0x00007ffe62ea6000 	C:\Program Files\Android\Android Studio\jre\jre\bin\zip.dll
0x00007ffe6af30000 - 0x00007ffe6c370000 	C:\WINDOWS\System32\SHELL32.dll
0x00007ffe6a360000 - 0x00007ffe6a409000 	C:\WINDOWS\System32\shcore.dll
0x00007ffe691a0000 - 0x00007ffe698ad000 	C:\WINDOWS\System32\windows.storage.dll
0x00007ffe69c60000 - 0x00007ffe69cb1000 	C:\WINDOWS\System32\shlwapi.dll
0x00007ffe68af0000 - 0x00007ffe68b01000 	C:\WINDOWS\System32\kernel.appcore.dll
0x00007ffe68ad0000 - 0x00007ffe68aef000 	C:\WINDOWS\System32\profapi.dll
0x00007ffe68a60000 - 0x00007ffe68aac000 	C:\WINDOWS\System32\powrprof.dll
0x00007ffe68a50000 - 0x00007ffe68a5a000 	C:\WINDOWS\System32\FLTLIB.DLL
0x00007ffe62df0000 - 0x00007ffe62e0a000 	C:\Program Files\Android\Android Studio\jre\jre\bin\net.dll
0x00007ffe682d0000 - 0x00007ffe68336000 	C:\WINDOWS\system32\mswsock.dll
0x00007ffe604e0000 - 0x00007ffe604f1000 	C:\Program Files\Android\Android Studio\jre\jre\bin\nio.dll
0x00007ffe5e8e0000 - 0x00007ffe5e8fe000 	C:\Users\Lukep\.gradle\native\25\windows-amd64\native-platform.dll
0x00007ffe62ef0000 - 0x00007ffe62efd000 	C:\Program Files\Android\Android Studio\jre\jre\bin\management.dll
0x00007ffe68480000 - 0x00007ffe68497000 	C:\WINDOWS\SYSTEM32\CRYPTSP.dll
0x00007ffe67eb0000 - 0x00007ffe67ee3000 	C:\WINDOWS\system32\rsaenh.dll
0x00007ffe685b0000 - 0x00007ffe685d5000 	C:\WINDOWS\SYSTEM32\bcrypt.dll
0x00007ffe68950000 - 0x00007ffe68978000 	C:\WINDOWS\SYSTEM32\USERENV.dll
0x00007ffe684a0000 - 0x00007ffe684ab000 	C:\WINDOWS\SYSTEM32\CRYPTBASE.dll
0x00007ffe68050000 - 0x00007ffe68088000 	C:\WINDOWS\SYSTEM32\IPHLPAPI.DLL
0x00007ffe69bd0000 - 0x00007ffe69bd8000 	C:\WINDOWS\System32\NSI.dll
0x00007ffe61250000 - 0x00007ffe61266000 	C:\WINDOWS\SYSTEM32\dhcpcsvc6.DLL
0x00007ffe61170000 - 0x00007ffe6118a000 	C:\WINDOWS\SYSTEM32\dhcpcsvc.DLL

VM Arguments:
jvm_args: -Dorg.gradle.appname=gradlew 
java_command: org.gradle.wrapper.GradleWrapperMain app:properties
java_class_path (initial): C:\Users\Lukep\Desktop\KA\KitchenAssist\android\\gradle\wrapper\gradle-wrapper.jar
Launcher Type: SUN_STANDARD

Environment Variables:
JAVA_HOME=C:\Program Files\Android\Android Studio\jre
CLASSPATH=C:\Users\Lukep\Desktop\KA\KitchenAssist\android\\gradle\wrapper\gradle-wrapper.jar
PATH=C:\Program Files (x86)\Intel\Intel(R) Management Engine Components\iCLS\;C:\Program Files\Intel\Intel(R) Management Engine Components\iCLS\;C:\Windows\system32;C:\Windows;C:\Windows\System32\Wbem;C:\Windows\System32\WindowsPowerShell\v1.0\;C:\Program Files (x86)\Intel\Intel(R) Management Engine Components\DAL;C:\Program Files\Intel\Intel(R) Management Engine Components\DAL;C:\Program Files (x86)\Intel\Intel(R) Management Engine Components\IPT;C:\Program Files\Intel\Intel(R) Management Engine Components\IPT;C:\Program Files (x86)\NVIDIA Corporation\PhysX\Common;C:\Program Files\Intel\WiFi\bin\;C:\Program Files\Common Files\Intel\WirelessCommon\;C:\WINDOWS\system32;C:\WINDOWS;C:\WINDOWS\System32\Wbem;C:\WINDOWS\System32\WindowsPowerShell\v1.0\;C:\WINDOWS\System32\OpenSSH\;C:\MinGW\bin;C:\Program Files\dotnet\;C:\Program Files\Git\cmd;C:\Program Files\NVIDIA Corporation\NVIDIA NvDLISR;C:\Users\Lukep\AppData\Local\Microsoft\WindowsApps
USERNAME=Lukep
OS=Windows_NT
PROCESSOR_IDENTIFIER=Intel64 Family 6 Model 158 Stepping 9, GenuineIntel



---------------  S Y S T E M  ---------------

OS: Windows 10.0 , 64 bit Build 17134 (10.0.17134.706)

CPU:total 4 (initial active 4) (4 cores per cpu, 1 threads per core) family 6 model 158 stepping 9, cmov, cx8, fxsr, mmx, sse, sse2, sse3, ssse3, sse4.1, sse4.2, popcnt, avx, avx2, aes, clmul, erms, 3dnowpref, lzcnt, tsc, tscinvbit, bmi1, bmi2, adx

Memory: 4k page, physical 16640468k(4893388k free), swap 16640468k(4100k free)

vm_info: OpenJDK 64-Bit Server VM (25.152-b01) for windows-amd64 JRE (1.8.0_152-release-1248-b01), built by "builder" with MS VC++ 10.0 (VS2010)

time: Sun Apr 14 20:02:44 2019
elapsed time: 15 seconds (0d 0h 0m 15s)

