#
# There is insufficient memory for the Java Runtime Environment to continue.
# Native memory allocation (malloc) failed to allocate 32744 bytes for ChunkPool::allocate
# Possible reasons:
#   The system is out of physical RAM or swap space
#   In 32 bit mode, the process size limit was hit
# Possible solutions:
#   Reduce memory load on the system
#   Increase physical memory or swap space
#   Check if swap backing store is full
#   Use 64 bit Java on a 64 bit OS
#   Decrease Java heap size (-Xmx/-Xms)
#   Decrease number of Java threads
#   Decrease Java thread stack sizes (-Xss)
#   Set larger code cache with -XX:ReservedCodeCacheSize=
# This output file may be truncated or incomplete.
#
#  Out of Memory Error (allocation.cpp:273), pid=5172, tid=0x0000000000002c74
#
# JRE version: OpenJDK Runtime Environment (8.0_152-b01) (build 1.8.0_152-release-1248-b01)
# Java VM: OpenJDK 64-Bit Server VM (25.152-b01 mixed mode windows-amd64 compressed oops)
# Failed to write core dump. Minidumps are not enabled by default on client versions of Windows
#

---------------  T H R E A D  ---------------

Current thread (0x0000000016670000):  JavaThread "C2 CompilerThread0" daemon [_thread_in_native, id=11380, stack(0x0000000017cc0000,0x0000000017dc0000)]

Stack: [0x0000000017cc0000,0x0000000017dc0000]
[error occurred during error reporting (printing stack bounds), id 0xc0000005]

Native frames: (J=compiled Java code, j=interpreted, Vv=VM code, C=native code)


Current CompileTask:
C2:   2352 1419   !   4       java.net.URLClassLoader$1::run (63 bytes)


---------------  P R O C E S S  ---------------

Java Threads: ( => current thread )
  0x000000001afa1000 JavaThread "Cache worker for file hash cache (C:\Users\Lukep\Desktop\KA\KitchenAssist\android\.gradle\4.10.2\fileHashes)" [_thread_blocked, id=14264, stack(0x000000001c1e0000,0x000000001c2e0000)]
  0x000000001b04b000 JavaThread "File lock request listener" [_thread_in_native, id=10480, stack(0x000000001bee0000,0x000000001bfe0000)]
  0x0000000019974800 JavaThread "Cache worker for file hash cache (C:\Users\Lukep\.gradle\caches\4.10.2\fileHashes)" [_thread_blocked, id=1324, stack(0x000000001bde0000,0x000000001bee0000)]
  0x00000000195c8800 JavaThread "Stdin handler" [_thread_blocked, id=1716, stack(0x000000001ab10000,0x000000001ac10000)]
  0x00000000195b2800 JavaThread "Asynchronous log dispatcher for DefaultDaemonConnection: socket connection from /127.0.0.1:58570 to /127.0.0.1:58571" [_thread_blocked, id=10040, stack(0x000000001aa10000,0x000000001ab10000)]
  0x00000000195ae000 JavaThread "Daemon worker" [_thread_in_Java, id=3000, stack(0x000000001a910000,0x000000001aa10000)]
  0x00000000195ad800 JavaThread "Cancel handler" [_thread_blocked, id=3836, stack(0x000000001a810000,0x000000001a910000)]
  0x0000000019862800 JavaThread "Handler for socket connection from /127.0.0.1:58570 to /127.0.0.1:58571" [_thread_in_native, id=11992, stack(0x000000001a710000,0x000000001a810000)]
  0x0000000019860800 JavaThread "Daemon" [_thread_blocked, id=16712, stack(0x000000001a610000,0x000000001a710000)]
  0x0000000019836000 JavaThread "Daemon periodic checks" [_thread_blocked, id=7232, stack(0x000000001a510000,0x000000001a610000)]
  0x0000000019563800 JavaThread "Incoming local TCP Connector on port 58570" [_thread_in_native, id=11292, stack(0x000000001a2d0000,0x000000001a3d0000)]
  0x0000000017ff0800 JavaThread "Service Thread" daemon [_thread_blocked, id=2620, stack(0x00000000183c0000,0x00000000184c0000)]
  0x0000000016676800 JavaThread "C1 CompilerThread2" daemon [_thread_blocked, id=13400, stack(0x0000000017ec0000,0x0000000017fc0000)]
  0x0000000016673800 JavaThread "C2 CompilerThread1" daemon [_thread_in_native, id=7956, stack(0x0000000017dc0000,0x0000000017ec0000)]
=>0x0000000016670000 JavaThread "C2 CompilerThread0" daemon [_thread_in_native, id=11380, stack(0x0000000017cc0000,0x0000000017dc0000)]
  0x000000001666d800 JavaThread "Attach Listener" daemon [_thread_blocked, id=5672, stack(0x0000000017bc0000,0x0000000017cc0000)]
  0x000000001666c800 JavaThread "Signal Dispatcher" daemon [_thread_blocked, id=13012, stack(0x0000000017ac0000,0x0000000017bc0000)]
  0x0000000002c6b000 JavaThread "Finalizer" daemon [_thread_blocked, id=14924, stack(0x00000000178d0000,0x00000000179d0000)]
  0x0000000002c62000 JavaThread "Reference Handler" daemon [_thread_blocked, id=13916, stack(0x00000000177d0000,0x00000000178d0000)]
  0x0000000002b72800 JavaThread "main" [_thread_blocked, id=5200, stack(0x00000000012c0000,0x00000000013c0000)]

Other Threads:
  0x0000000016636800 VMThread [stack: 0x00000000176d0000,0x00000000177d0000] [id=12316]
  0x0000000017ff1000 WatcherThread [stack: 0x00000000184c0000,0x00000000185c0000] [id=15872]

VM state:not at safepoint (normal execution)

VM Mutex/Monitor currently owned by a thread: None

Heap:
 PSYoungGen      total 75776K, used 61658K [0x00000000e0000000, 0x00000000e5480000, 0x0000000100000000)
  eden space 65024K, 84% used [0x00000000e0000000,0x00000000e3562120,0x00000000e3f80000)
  from space 10752K, 65% used [0x00000000e3f80000,0x00000000e4654800,0x00000000e4a00000)
  to   space 10752K, 0% used [0x00000000e4a00000,0x00000000e4a00000,0x00000000e5480000)
 ParOldGen       total 173568K, used 16K [0x00000000a0000000, 0x00000000aa980000, 0x00000000e0000000)
  object space 173568K, 0% used [0x00000000a0000000,0x00000000a0004000,0x00000000aa980000)
 Metaspace       used 14883K, capacity 15208K, committed 15360K, reserved 1062912K
  class space    used 2126K, capacity 2266K, committed 2304K, reserved 1048576K

Card table byte_map: [0x00000000120c0000,0x00000000123d0000] byte_map_base: 0x0000000011bc0000

Marking Bits: (ParMarkBitMap*) 0x0000000059995aa0
 Begin Bits: [0x00000000129d0000, 0x00000000141d0000)
 End Bits:   [0x00000000141d0000, 0x00000000159d0000)

Polling page: 0x0000000000dd0000

CodeCache: size=245760Kb used=4901Kb max_used=4901Kb free=240858Kb
 bounds [0x0000000002d00000, 0x00000000031d0000, 0x0000000011d00000]
 total_blobs=1798 nmethods=1425 adapters=286
 compilation: enabled

Compilation events (10 events):
Event: 2.330 Thread 0x0000000016676800 1424       3       java.util.concurrent.atomic.AtomicReference::compareAndSet (13 bytes)
Event: 2.331 Thread 0x0000000016676800 nmethod 1424 0x00000000031b9290 code [0x00000000031b93e0, 0x00000000031b9570]
Event: 2.331 Thread 0x0000000016676800 1425       3       org.gradle.internal.service.DefaultServiceRegistry::serviceRequested (42 bytes)
Event: 2.331 Thread 0x0000000016676800 nmethod 1425 0x00000000031c8e50 code [0x00000000031c90c0, 0x00000000031ca2e8]
Event: 2.343 Thread 0x0000000016676800 1426       1       java.lang.reflect.Method::getMethodAccessor (5 bytes)
Event: 2.343 Thread 0x0000000016676800 nmethod 1426 0x00000000031ba1d0 code [0x00000000031ba320, 0x00000000031ba430]
Event: 2.343 Thread 0x0000000016676800 1427       3       sun.reflect.MethodAccessorImpl::<init> (5 bytes)
Event: 2.343 Thread 0x0000000016676800 nmethod 1427 0x00000000031cacd0 code [0x00000000031cae40, 0x00000000031cb050]
Event: 2.343 Thread 0x0000000016676800 1428       3       java.lang.reflect.Method::setMethodAccessor (21 bytes)
Event: 2.343 Thread 0x0000000016676800 nmethod 1428 0x00000000031cb110 code [0x00000000031cb280, 0x00000000031cb628]

GC Heap History (2 events):
Event: 1.184 GC heap before
{Heap before GC invocations=1 (full 0):
 PSYoungGen      total 75776K, used 65024K [0x00000000e0000000, 0x00000000e5480000, 0x0000000100000000)
  eden space 65024K, 100% used [0x00000000e0000000,0x00000000e3f80000,0x00000000e3f80000)
  from space 10752K, 0% used [0x00000000e4a00000,0x00000000e4a00000,0x00000000e5480000)
  to   space 10752K, 0% used [0x00000000e3f80000,0x00000000e3f80000,0x00000000e4a00000)
 ParOldGen       total 173568K, used 0K [0x00000000a0000000, 0x00000000aa980000, 0x00000000e0000000)
  object space 173568K, 0% used [0x00000000a0000000,0x00000000a0000000,0x00000000aa980000)
 Metaspace       used 9090K, capacity 9404K, committed 9600K, reserved 1056768K
  class space    used 1213K, capacity 1324K, committed 1408K, reserved 1048576K
Event: 1.192 GC heap after
Heap after GC invocations=1 (full 0):
 PSYoungGen      total 75776K, used 6994K [0x00000000e0000000, 0x00000000e5480000, 0x0000000100000000)
  eden space 65024K, 0% used [0x00000000e0000000,0x00000000e0000000,0x00000000e3f80000)
  from space 10752K, 65% used [0x00000000e3f80000,0x00000000e4654800,0x00000000e4a00000)
  to   space 10752K, 0% used [0x00000000e4a00000,0x00000000e4a00000,0x00000000e5480000)
 ParOldGen       total 173568K, used 16K [0x00000000a0000000, 0x00000000aa980000, 0x00000000e0000000)
  object space 173568K, 0% used [0x00000000a0000000,0x00000000a0004000,0x00000000aa980000)
 Metaspace       used 9090K, capacity 9404K, committed 9600K, reserved 1056768K
  class space    used 1213K, capacity 1324K, committed 1408K, reserved 1048576K
}

Deoptimization events (10 events):
Event: 1.345 Thread 0x0000000002b72800 Uncommon trap: reason=unstable_if action=reinterpret pc=0x0000000002fb4880 method=java.io.WinNTFileSystem.normalize(Ljava/lang/String;)Ljava/lang/String; @ 128
Event: 1.345 Thread 0x0000000002b72800 Uncommon trap: reason=unstable_if action=reinterpret pc=0x0000000003014e7c method=java.io.WinNTFileSystem.normalize(Ljava/lang/String;II)Ljava/lang/String; @ 90
Event: 1.838 Thread 0x00000000195ae000 Uncommon trap: reason=bimorphic action=maybe_recompile pc=0x0000000002f829e4 method=java.util.HashMap.putVal(ILjava/lang/Object;Ljava/lang/Object;ZZ)Ljava/lang/Object; @ 253
Event: 1.838 Thread 0x00000000195ae000 Uncommon trap: reason=bimorphic action=maybe_recompile pc=0x0000000002f829e4 method=java.util.HashMap.putVal(ILjava/lang/Object;Ljava/lang/Object;ZZ)Ljava/lang/Object; @ 253
Event: 1.838 Thread 0x00000000195ae000 Uncommon trap: reason=bimorphic action=maybe_recompile pc=0x0000000002f829e4 method=java.util.HashMap.putVal(ILjava/lang/Object;Ljava/lang/Object;ZZ)Ljava/lang/Object; @ 253
Event: 2.095 Thread 0x00000000195ae000 Uncommon trap: reason=class_check action=maybe_recompile pc=0x0000000002faf258 method=java.util.regex.Matcher.match(II)Z @ 86
Event: 2.112 Thread 0x00000000195ae000 Uncommon trap: reason=class_check action=maybe_recompile pc=0x0000000002faf258 method=java.util.regex.Matcher.match(II)Z @ 86
Event: 2.113 Thread 0x00000000195ae000 Uncommon trap: reason=class_check action=maybe_recompile pc=0x0000000002faf258 method=java.util.regex.Matcher.match(II)Z @ 86
Event: 2.113 Thread 0x00000000195ae000 Uncommon trap: reason=class_check action=maybe_recompile pc=0x0000000002f7a19c method=java.util.regex.Matcher.match(II)Z @ 86
Event: 2.224 Thread 0x00000000195ae000 Uncommon trap: reason=unstable_if action=reinterpret pc=0x000000000311a9f4 method=java.lang.String.lastIndexOf([CII[CIII)I @ 66

Classes redefined (0 events):
No events

Internal exceptions (10 events):
Event: 0.466 Thread 0x0000000002b72800 Exception <a 'java/lang/ArrayIndexOutOfBoundsException'> (0x00000000e0fb1cd8) thrown at [D:\src\AOSP-openjdk-cygwin\jdk8u\hotspot\src\share\vm\runtime\sharedRuntime.cpp, line 605]
Event: 0.469 Thread 0x0000000002b72800 Exception <a 'java/lang/ArrayIndexOutOfBoundsException'> (0x00000000e0fbdfa0) thrown at [D:\src\AOSP-openjdk-cygwin\jdk8u\hotspot\src\share\vm\runtime\sharedRuntime.cpp, line 605]
Event: 0.469 Thread 0x0000000002b72800 Exception <a 'java/lang/ArrayIndexOutOfBoundsException'> (0x00000000e0fbf890) thrown at [D:\src\AOSP-openjdk-cygwin\jdk8u\hotspot\src\share\vm\runtime\sharedRuntime.cpp, line 605]
Event: 0.469 Thread 0x0000000002b72800 Exception <a 'java/lang/ArrayIndexOutOfBoundsException'> (0x00000000e0fc2010) thrown at [D:\src\AOSP-openjdk-cygwin\jdk8u\hotspot\src\share\vm\runtime\sharedRuntime.cpp, line 605]
Event: 0.470 Thread 0x0000000002b72800 Exception <a 'java/lang/ArrayIndexOutOfBoundsException'> (0x00000000e0fcf700) thrown at [D:\src\AOSP-openjdk-cygwin\jdk8u\hotspot\src\share\vm\runtime\sharedRuntime.cpp, line 605]
Event: 0.471 Thread 0x0000000002b72800 Exception <a 'java/lang/ArrayIndexOutOfBoundsException'> (0x00000000e0fda6b0) thrown at [D:\src\AOSP-openjdk-cygwin\jdk8u\hotspot\src\share\vm\runtime\sharedRuntime.cpp, line 605]
Event: 0.473 Thread 0x0000000002b72800 Exception <a 'java/lang/ArrayIndexOutOfBoundsException'> (0x00000000e0feda00) thrown at [D:\src\AOSP-openjdk-cygwin\jdk8u\hotspot\src\share\vm\runtime\sharedRuntime.cpp, line 605]
Event: 1.138 Thread 0x0000000002b72800 Exception <a 'java/lang/NoSuchFieldError': method resolution failed> (0x00000000e3ce1398) thrown at [D:\src\AOSP-openjdk-cygwin\jdk8u\hotspot\src\share\vm\prims\methodHandles.cpp, line 1167]
Event: 1.139 Thread 0x0000000002b72800 Exception <a 'java/lang/NoSuchFieldError': method resolution failed> (0x00000000e3ceea88) thrown at [D:\src\AOSP-openjdk-cygwin\jdk8u\hotspot\src\share\vm\prims\methodHandles.cpp, line 1167]
Event: 1.777 Thread 0x0000000002b72800 Exception <a 'java/io/IOException'> (0x00000000e05ce348) thrown at [D:\src\AOSP-openjdk-cygwin\jdk8u\hotspot\src\share\vm\prims\jni.cpp, line 709]

Events (10 events):
Event: 2.342 loading class org/gradle/api/initialization/dsl/ScriptHandler
Event: 2.342 loading class org/gradle/api/initialization/dsl/ScriptHandler done
Event: 2.343 loading class org/gradle/api/internal/artifacts/DefaultDependencyManagementServices
Event: 2.343 loading class org/gradle/api/internal/artifacts/DefaultDependencyManagementServices done
Event: 2.343 loading class org/gradle/api/tasks/util/internal/PatternSets
Event: 2.343 loading class org/gradle/api/tasks/util/internal/PatternSets done
Event: 2.344 loading class org/gradle/api/tasks/util/internal/PatternSets$PatternSetFactory
Event: 2.344 loading class org/gradle/api/tasks/util/internal/PatternSets$PatternSetFactory done
Event: 2.351 loading class org/gradle/api/tasks/util/internal/PatternSets$InternalPatternSet
Event: 2.351 loading class org/gradle/api/tasks/util/internal/PatternSets$InternalPatternSet done


Dynamic libraries:
0x00007ff652de0000 - 0x00007ff652e11000 	C:\Program Files\Android\Android Studio\jre\bin\java.exe
0x00007ffe6c740000 - 0x00007ffe6c921000 	C:\WINDOWS\SYSTEM32\ntdll.dll
0x00007ffe6a2a0000 - 0x00007ffe6a351000 	C:\WINDOWS\System32\KERNEL32.DLL
0x00007ffe68f20000 - 0x00007ffe69193000 	C:\WINDOWS\System32\KERNELBASE.dll
0x00007ffe6a840000 - 0x00007ffe6a8e1000 	C:\WINDOWS\System32\ADVAPI32.dll
0x00007ffe6ada0000 - 0x00007ffe6ae3e000 	C:\WINDOWS\System32\msvcrt.dll
0x00007ffe69cc0000 - 0x00007ffe69d1b000 	C:\WINDOWS\System32\sechost.dll
0x00007ffe69d20000 - 0x00007ffe69e44000 	C:\WINDOWS\System32\RPCRT4.dll
0x00007ffe6c3e0000 - 0x00007ffe6c570000 	C:\WINDOWS\System32\USER32.dll
0x00007ffe69bb0000 - 0x00007ffe69bd0000 	C:\WINDOWS\System32\win32u.dll
0x00007ffe6a410000 - 0x00007ffe6a438000 	C:\WINDOWS\System32\GDI32.dll
0x00007ffe698b0000 - 0x00007ffe69a42000 	C:\WINDOWS\System32\gdi32full.dll
0x00007ffe68d80000 - 0x00007ffe68e1f000 	C:\WINDOWS\System32\msvcp_win.dll
0x00007ffe68e20000 - 0x00007ffe68f18000 	C:\WINDOWS\System32\ucrtbase.dll
0x00007ffe5aaf0000 - 0x00007ffe5ad59000 	C:\WINDOWS\WinSxS\amd64_microsoft.windows.common-controls_6595b64144ccf1df_6.0.17134.706_none_fb43a2cb30647007\COMCTL32.dll
0x00007ffe6a8f0000 - 0x00007ffe6ac12000 	C:\WINDOWS\System32\combase.dll
0x00007ffe68b10000 - 0x00007ffe68b8a000 	C:\WINDOWS\System32\bcryptPrimitives.dll
0x00007ffe6a4b0000 - 0x00007ffe6a4dd000 	C:\WINDOWS\System32\IMM32.DLL
0x0000000056930000 - 0x0000000056a02000 	C:\Program Files\Android\Android Studio\jre\jre\bin\msvcr100.dll
0x00000000591d0000 - 0x0000000059a11000 	C:\Program Files\Android\Android Studio\jre\jre\bin\server\jvm.dll
0x00007ffe6c610000 - 0x00007ffe6c618000 	C:\WINDOWS\System32\PSAPI.DLL
0x00007ffe5a300000 - 0x00007ffe5a309000 	C:\WINDOWS\SYSTEM32\WSOCK32.dll
0x00007ffe64520000 - 0x00007ffe6452a000 	C:\WINDOWS\SYSTEM32\VERSION.dll
0x00007ffe5cc60000 - 0x00007ffe5cc83000 	C:\WINDOWS\SYSTEM32\WINMM.dll
0x00007ffe6a440000 - 0x00007ffe6a4ac000 	C:\WINDOWS\System32\WS2_32.dll
0x00007ffe5cc30000 - 0x00007ffe5cc5a000 	C:\WINDOWS\SYSTEM32\winmmbase.dll
0x00007ffe69b60000 - 0x00007ffe69ba9000 	C:\WINDOWS\System32\cfgmgr32.dll
0x00007ffe63320000 - 0x00007ffe6332f000 	C:\Program Files\Android\Android Studio\jre\jre\bin\verify.dll
0x00007ffe5c4c0000 - 0x00007ffe5c4e9000 	C:\Program Files\Android\Android Studio\jre\jre\bin\java.dll
0x00007ffe62e90000 - 0x00007ffe62ea6000 	C:\Program Files\Android\Android Studio\jre\jre\bin\zip.dll
0x00007ffe6af30000 - 0x00007ffe6c370000 	C:\WINDOWS\System32\SHELL32.dll
0x00007ffe6a360000 - 0x00007ffe6a409000 	C:\WINDOWS\System32\shcore.dll
0x00007ffe691a0000 - 0x00007ffe698ad000 	C:\WINDOWS\System32\windows.storage.dll
0x00007ffe69c60000 - 0x00007ffe69cb1000 	C:\WINDOWS\System32\shlwapi.dll
0x00007ffe68af0000 - 0x00007ffe68b01000 	C:\WINDOWS\System32\kernel.appcore.dll
0x00007ffe68ad0000 - 0x00007ffe68aef000 	C:\WINDOWS\System32\profapi.dll
0x00007ffe68a60000 - 0x00007ffe68aac000 	C:\WINDOWS\System32\powrprof.dll
0x00007ffe68a50000 - 0x00007ffe68a5a000 	C:\WINDOWS\System32\FLTLIB.DLL
0x00007ffe62df0000 - 0x00007ffe62e0a000 	C:\Program Files\Android\Android Studio\jre\jre\bin\net.dll
0x00007ffe682d0000 - 0x00007ffe68336000 	C:\WINDOWS\system32\mswsock.dll
0x00007ffe604e0000 - 0x00007ffe604f1000 	C:\Program Files\Android\Android Studio\jre\jre\bin\nio.dll
0x00007ffe5da40000 - 0x00007ffe5da5e000 	C:\Users\Lukep\.gradle\native\25\windows-amd64\native-platform.dll
0x00007ffe62ef0000 - 0x00007ffe62efd000 	C:\Program Files\Android\Android Studio\jre\jre\bin\management.dll
0x00007ffe68480000 - 0x00007ffe68497000 	C:\WINDOWS\SYSTEM32\CRYPTSP.dll
0x00007ffe67eb0000 - 0x00007ffe67ee3000 	C:\WINDOWS\system32\rsaenh.dll
0x00007ffe685b0000 - 0x00007ffe685d5000 	C:\WINDOWS\SYSTEM32\bcrypt.dll
0x00007ffe68950000 - 0x00007ffe68978000 	C:\WINDOWS\SYSTEM32\USERENV.dll
0x00007ffe684a0000 - 0x00007ffe684ab000 	C:\WINDOWS\SYSTEM32\CRYPTBASE.dll
0x00007ffe68050000 - 0x00007ffe68088000 	C:\WINDOWS\SYSTEM32\IPHLPAPI.DLL
0x00007ffe69bd0000 - 0x00007ffe69bd8000 	C:\WINDOWS\System32\NSI.dll
0x00007ffe61250000 - 0x00007ffe61266000 	C:\WINDOWS\SYSTEM32\dhcpcsvc6.DLL
0x00007ffe61170000 - 0x00007ffe6118a000 	C:\WINDOWS\SYSTEM32\dhcpcsvc.DLL

VM Arguments:
jvm_args: -Xmx1536M -Dfile.encoding=windows-1252 -Duser.country=US -Duser.language=en -Duser.variant 
java_command: org.gradle.launcher.daemon.bootstrap.GradleDaemon 4.10.2
java_class_path (initial): C:\Users\Lukep\.gradle\wrapper\dists\gradle-4.10.2-all\9fahxiiecdb76a5g3aw9oi8rv\gradle-4.10.2\lib\gradle-launcher-4.10.2.jar
Launcher Type: SUN_STANDARD

Environment Variables:
JAVA_HOME=C:\Program Files\Android\Android Studio\jre
CLASSPATH=C:\Users\Lukep\Desktop\KA\KitchenAssist\android\\gradle\wrapper\gradle-wrapper.jar
PATH=C:\Program Files (x86)\Intel\Intel(R) Management Engine Components\iCLS\;C:\Program Files\Intel\Intel(R) Management Engine Components\iCLS\;C:\Windows\system32;C:\Windows;C:\Windows\System32\Wbem;C:\Windows\System32\WindowsPowerShell\v1.0\;C:\Program Files (x86)\Intel\Intel(R) Management Engine Components\DAL;C:\Program Files\Intel\Intel(R) Management Engine Components\DAL;C:\Program Files (x86)\Intel\Intel(R) Management Engine Components\IPT;C:\Program Files\Intel\Intel(R) Management Engine Components\IPT;C:\Program Files (x86)\NVIDIA Corporation\PhysX\Common;C:\Program Files\Intel\WiFi\bin\;C:\Program Files\Common Files\Intel\WirelessCommon\;C:\WINDOWS\system32;C:\WINDOWS;C:\WINDOWS\System32\Wbem;C:\WINDOWS\System32\WindowsPowerShell\v1.0\;C:\WINDOWS\System32\OpenSSH\;C:\MinGW\bin;C:\Program Files\dotnet\;C:\Program Files\Git\cmd;C:\Program Files\NVIDIA Corporation\NVIDIA NvDLISR;C:\Users\Lukep\AppData\Local\Microsoft\WindowsApps
USERNAME=Lukep
OS=Windows_NT
PROCESSOR_IDENTIFIER=Intel64 Family 6 Model 158 Stepping 9, GenuineIntel



---------------  S Y S T E M  ---------------

OS: Windows 10.0 , 64 bit Build 17134 (10.0.17134.706)

CPU:total 4 (initial active 4) (4 cores per cpu, 1 threads per core) family 6 model 158 stepping 9, cmov, cx8, fxsr, mmx, sse, sse2, sse3, ssse3, sse4.1, sse4.2, popcnt, avx, avx2, aes, clmul, erms, 3dnowpref, lzcnt, tsc, tscinvbit, bmi1, bmi2, adx

Memory: 4k page, physical 16640468k(5142980k free), swap 16640468k(3708k free)

vm_info: OpenJDK 64-Bit Server VM (25.152-b01) for windows-amd64 JRE (1.8.0_152-release-1248-b01), built by "builder" with MS VC++ 10.0 (VS2010)

time: Sun Apr 14 20:03:18 2019
elapsed time: 2 seconds (0d 0h 0m 2s)

