#
# There is insufficient memory for the Java Runtime Environment to continue.
# Native memory allocation (malloc) failed to allocate 794656 bytes for Chunk::new
# Possible reasons:
#   The system is out of physical RAM or swap space
#   In 32 bit mode, the process size limit was hit
# Possible solutions:
#   Reduce memory load on the system
#   Increase physical memory or swap space
#   Check if swap backing store is full
#   Use 64 bit Java on a 64 bit OS
#   Decrease Java heap size (-Xmx/-Xms)
#   Decrease number of Java threads
#   Decrease Java thread stack sizes (-Xss)
#   Set larger code cache with -XX:ReservedCodeCacheSize=
# This output file may be truncated or incomplete.
#
#  Out of Memory Error (allocation.cpp:390), pid=14656, tid=0x0000000000000848
#
# JRE version: OpenJDK Runtime Environment (8.0_152-b01) (build 1.8.0_152-release-1248-b01)
# Java VM: OpenJDK 64-Bit Server VM (25.152-b01 mixed mode windows-amd64 compressed oops)
# Failed to write core dump. Minidumps are not enabled by default on client versions of Windows
#

---------------  T H R E A D  ---------------

Current thread (0x0000000015f54000):  JavaThread "C2 CompilerThread1" daemon [_thread_in_native, id=2120, stack(0x0000000017690000,0x0000000017790000)]

Stack: [0x0000000017690000,0x0000000017790000]
[error occurred during error reporting (printing stack bounds), id 0xc0000005]

Native frames: (J=compiled Java code, j=interpreted, Vv=VM code, C=native code)


Current CompileTask:
C2:  11255 3937   !   4       com.sun.beans.TypeResolver::resolve (274 bytes)


---------------  P R O C E S S  ---------------

Java Threads: ( => current thread )
  0x000000001b312800 JavaThread "Build operations Thread 4" [_thread_blocked, id=9912, stack(0x0000000020110000,0x0000000020210000)]
  0x000000001b310000 JavaThread "Build operations Thread 3" [_thread_blocked, id=7416, stack(0x0000000020010000,0x0000000020110000)]
  0x000000001b497800 JavaThread "Build operations Thread 2" [_thread_blocked, id=2732, stack(0x000000001ff10000,0x0000000020010000)]
  0x000000001b496000 JavaThread "Build operations" [_thread_blocked, id=5304, stack(0x000000001fe10000,0x000000001ff10000)]
  0x000000001b491800 JavaThread "Cache worker for Artifact transforms cache (C:\Users\Lukep\.gradle\caches\transforms-1)" [_thread_blocked, id=14196, stack(0x000000001fb10000,0x000000001fc10000)]
  0x000000001b492000 JavaThread "Cache worker for cache directory md-rule (C:\Users\Lukep\.gradle\caches\4.10.2\md-rule)" [_thread_blocked, id=12712, stack(0x000000001fa10000,0x000000001fb10000)]
  0x000000001b493800 JavaThread "Cache worker for cache directory md-supplier (C:\Users\Lukep\.gradle\caches\4.10.2\md-supplier)" [_thread_blocked, id=1316, stack(0x000000001f910000,0x000000001fa10000)]
  0x000000001b498000 JavaThread "Cache worker for journal cache (C:\Users\Lukep\.gradle\caches\journal-1)" [_thread_blocked, id=13760, stack(0x000000001d950000,0x000000001da50000)]
  0x000000001b494800 JavaThread "Cache worker for file hash cache (C:\Users\Lukep\Desktop\KA\KitchenAssist\android\.gradle\4.10.2\fileHashes)" [_thread_blocked, id=7696, stack(0x000000001d850000,0x000000001d950000)]
  0x000000001934f000 JavaThread "File lock request listener" [_thread_in_native, id=7676, stack(0x000000001d750000,0x000000001d850000)]
  0x000000001ae66000 JavaThread "Cache worker for file hash cache (C:\Users\Lukep\.gradle\caches\4.10.2\fileHashes)" [_thread_blocked, id=10884, stack(0x000000001c680000,0x000000001c780000)]
  0x0000000018f7b800 JavaThread "Stdin handler" [_thread_blocked, id=3104, stack(0x000000001a3e0000,0x000000001a4e0000)]
  0x0000000018f7b000 JavaThread "Asynchronous log dispatcher for DefaultDaemonConnection: socket connection from /127.0.0.1:59076 to /127.0.0.1:59077" [_thread_blocked, id=14704, stack(0x000000001a2e0000,0x000000001a3e0000)]
  0x0000000018f6c800 JavaThread "Daemon worker" [_thread_in_Java, id=5668, stack(0x000000001a1e0000,0x000000001a2e0000)]
  0x0000000018e07000 JavaThread "Cancel handler" [_thread_blocked, id=6848, stack(0x000000001a0e0000,0x000000001a1e0000)]
  0x0000000018dfb000 JavaThread "Handler for socket connection from /127.0.0.1:59076 to /127.0.0.1:59077" [_thread_in_native, id=14928, stack(0x0000000019fe0000,0x000000001a0e0000)]
  0x0000000018df7000 JavaThread "Daemon" [_thread_blocked, id=2764, stack(0x0000000019ee0000,0x0000000019fe0000)]
  0x0000000018deb800 JavaThread "Daemon periodic checks" [_thread_blocked, id=6516, stack(0x0000000019de0000,0x0000000019ee0000)]
  0x0000000018dd6000 JavaThread "Incoming local TCP Connector on port 59076" [_thread_in_native, id=6216, stack(0x0000000019ba0000,0x0000000019ca0000)]
  0x0000000015fae000 JavaThread "Service Thread" daemon [_thread_blocked, id=15040, stack(0x0000000017c90000,0x0000000017d90000)]
  0x0000000015f57000 JavaThread "C1 CompilerThread2" daemon [_thread_blocked, id=14324, stack(0x0000000017790000,0x0000000017890000)]
=>0x0000000015f54000 JavaThread "C2 CompilerThread1" daemon [_thread_in_native, id=2120, stack(0x0000000017690000,0x0000000017790000)]
  0x0000000015f50000 JavaThread "C2 CompilerThread0" daemon [_thread_in_native, id=12708, stack(0x0000000017590000,0x0000000017690000)]
  0x0000000015f4d800 JavaThread "Attach Listener" daemon [_thread_blocked, id=7076, stack(0x0000000017490000,0x0000000017590000)]
  0x0000000015f4c800 JavaThread "Signal Dispatcher" daemon [_thread_blocked, id=7336, stack(0x0000000017390000,0x0000000017490000)]
  0x00000000025db000 JavaThread "Finalizer" daemon [_thread_blocked, id=4372, stack(0x00000000171a0000,0x00000000172a0000)]
  0x00000000025d2000 JavaThread "Reference Handler" daemon [_thread_blocked, id=5840, stack(0x00000000170a0000,0x00000000171a0000)]
  0x00000000024e2800 JavaThread "main" [_thread_blocked, id=8692, stack(0x00000000023e0000,0x00000000024e0000)]

Other Threads:
  0x0000000015f16800 VMThread [stack: 0x0000000016fa0000,0x00000000170a0000] [id=2040]
  0x00000000178b3000 WatcherThread [stack: 0x0000000017d90000,0x0000000017e90000] [id=10004]

VM state:not at safepoint (normal execution)

VM Mutex/Monitor currently owned by a thread: None

Heap:
 PSYoungGen      total 106496K, used 25261K [0x00000000e0000000, 0x00000000ea100000, 0x0000000100000000)
  eden space 94720K, 14% used [0x00000000e0000000,0x00000000e0d30c10,0x00000000e5c80000)
  from space 11776K, 99% used [0x00000000e5c80000,0x00000000e67fa8a0,0x00000000e6800000)
  to   space 13312K, 0% used [0x00000000e9400000,0x00000000e9400000,0x00000000ea100000)
 ParOldGen       total 165888K, used 18445K [0x00000000a0000000, 0x00000000aa200000, 0x00000000e0000000)
  object space 165888K, 11% used [0x00000000a0000000,0x00000000a12036d8,0x00000000aa200000)
 Metaspace       used 41870K, capacity 42634K, committed 42840K, reserved 1085440K
  class space    used 5708K, capacity 5997K, committed 6016K, reserved 1048576K

Card table byte_map: [0x00000000119a0000,0x0000000011cb0000] byte_map_base: 0x00000000114a0000

Marking Bits: (ParMarkBitMap*) 0x00000000631f5aa0
 Begin Bits: [0x00000000122b0000, 0x0000000013ab0000)
 End Bits:   [0x0000000013ab0000, 0x00000000152b0000)

Polling page: 0x0000000002360000

CodeCache: size=245760Kb used=12451Kb max_used=12451Kb free=233308Kb
 bounds [0x00000000025e0000, 0x0000000003220000, 0x00000000115e0000]
 total_blobs=4378 nmethods=3620 adapters=671
 compilation: enabled

Compilation events (10 events):
Event: 11.240 Thread 0x0000000015f57000 3955       3       java.beans.PropertyDescriptor::<init> (112 bytes)
Event: 11.240 Thread 0x0000000015f57000 nmethod 3955 0x00000000031ff4d0 code [0x00000000031ff6a0, 0x00000000031ffe28]
Event: 11.240 Thread 0x0000000015f57000 3956   !   3       java.beans.PropertyDescriptor::updateGenericsFor (37 bytes)
Event: 11.241 Thread 0x0000000015f57000 nmethod 3956 0x00000000031fd850 code [0x00000000031fdac0, 0x00000000031fec38]
Event: 11.244 Thread 0x0000000015f50000 nmethod 3954 0x000000000320f090 code [0x000000000320f220, 0x000000000320f688]
Event: 11.244 Thread 0x0000000015f50000 3957       4       java.beans.Introspector::addMethod (196 bytes)
Event: 11.244 Thread 0x0000000015f57000 3959       3       java.beans.PropertyDescriptor::isAssignable (148 bytes)
Event: 11.247 Thread 0x0000000015f57000 nmethod 3959 0x000000000320fbd0 code [0x0000000003210240, 0x0000000003214bb8]
Event: 11.249 Thread 0x0000000015f57000 3961       3       java.util.TimSort::sort (229 bytes)
Event: 11.250 Thread 0x0000000015f57000 nmethod 3961 0x00000000032088d0 code [0x0000000003208ac0, 0x00000000032091b8]

GC Heap History (10 events):
Event: 6.969 GC heap before
{Heap before GC invocations=5 (full 1):
 PSYoungGen      total 75776K, used 65024K [0x00000000e0000000, 0x00000000e5480000, 0x0000000100000000)
  eden space 65024K, 100% used [0x00000000e0000000,0x00000000e3f80000,0x00000000e3f80000)
  from space 10752K, 0% used [0x00000000e3f80000,0x00000000e3f80000,0x00000000e4a00000)
  to   space 10752K, 0% used [0x00000000e4a00000,0x00000000e4a00000,0x00000000e5480000)
 ParOldGen       total 108032K, used 9376K [0x00000000a0000000, 0x00000000a6980000, 0x00000000e0000000)
  object space 108032K, 8% used [0x00000000a0000000,0x00000000a09280a0,0x00000000a6980000)
 Metaspace       used 26521K, capacity 26794K, committed 27136K, reserved 1073152K
  class space    used 3596K, capacity 3736K, committed 3840K, reserved 1048576K
Event: 6.981 GC heap after
Heap after GC invocations=5 (full 1):
 PSYoungGen      total 75776K, used 7055K [0x00000000e0000000, 0x00000000e7280000, 0x0000000100000000)
  eden space 65024K, 0% used [0x00000000e0000000,0x00000000e0000000,0x00000000e3f80000)
  from space 10752K, 65% used [0x00000000e4a00000,0x00000000e50e3f30,0x00000000e5480000)
  to   space 10752K, 0% used [0x00000000e3f80000,0x00000000e3f80000,0x00000000e4a00000)
 ParOldGen       total 108032K, used 9384K [0x00000000a0000000, 0x00000000a6980000, 0x00000000e0000000)
  object space 108032K, 8% used [0x00000000a0000000,0x00000000a092a0a0,0x00000000a6980000)
 Metaspace       used 26521K, capacity 26794K, committed 27136K, reserved 1073152K
  class space    used 3596K, capacity 3736K, committed 3840K, reserved 1048576K
}
Event: 8.300 GC heap before
{Heap before GC invocations=6 (full 1):
 PSYoungGen      total 75776K, used 72079K [0x00000000e0000000, 0x00000000e7280000, 0x0000000100000000)
  eden space 65024K, 100% used [0x00000000e0000000,0x00000000e3f80000,0x00000000e3f80000)
  from space 10752K, 65% used [0x00000000e4a00000,0x00000000e50e3f30,0x00000000e5480000)
  to   space 10752K, 0% used [0x00000000e3f80000,0x00000000e3f80000,0x00000000e4a00000)
 ParOldGen       total 108032K, used 9384K [0x00000000a0000000, 0x00000000a6980000, 0x00000000e0000000)
  object space 108032K, 8% used [0x00000000a0000000,0x00000000a092a0a0,0x00000000a6980000)
 Metaspace       used 29856K, capacity 30172K, committed 30464K, reserved 1075200K
  class space    used 4143K, capacity 4286K, committed 4352K, reserved 1048576K
Event: 8.310 GC heap after
Heap after GC invocations=6 (full 1):
 PSYoungGen      total 75776K, used 8406K [0x00000000e0000000, 0x00000000e7300000, 0x0000000100000000)
  eden space 65024K, 0% used [0x00000000e0000000,0x00000000e0000000,0x00000000e3f80000)
  from space 10752K, 78% used [0x00000000e3f80000,0x00000000e47b5850,0x00000000e4a00000)
  to   space 11264K, 0% used [0x00000000e6800000,0x00000000e6800000,0x00000000e7300000)
 ParOldGen       total 108032K, used 9392K [0x00000000a0000000, 0x00000000a6980000, 0x00000000e0000000)
  object space 108032K, 8% used [0x00000000a0000000,0x00000000a092c0a0,0x00000000a6980000)
 Metaspace       used 29856K, capacity 30172K, committed 30464K, reserved 1075200K
  class space    used 4143K, capacity 4286K, committed 4352K, reserved 1048576K
}
Event: 9.113 GC heap before
{Heap before GC invocations=7 (full 1):
 PSYoungGen      total 75776K, used 48399K [0x00000000e0000000, 0x00000000e7300000, 0x0000000100000000)
  eden space 65024K, 61% used [0x00000000e0000000,0x00000000e270e428,0x00000000e3f80000)
  from space 10752K, 78% used [0x00000000e3f80000,0x00000000e47b5850,0x00000000e4a00000)
  to   space 11264K, 0% used [0x00000000e6800000,0x00000000e6800000,0x00000000e7300000)
 ParOldGen       total 108032K, used 9392K [0x00000000a0000000, 0x00000000a6980000, 0x00000000e0000000)
  object space 108032K, 8% used [0x00000000a0000000,0x00000000a092c0a0,0x00000000a6980000)
 Metaspace       used 34616K, capacity 35218K, committed 35416K, reserved 1079296K
  class space    used 4755K, capacity 4966K, committed 4992K, reserved 1048576K
Event: 9.128 GC heap after
Heap after GC invocations=7 (full 1):
 PSYoungGen      total 105984K, used 10104K [0x00000000e0000000, 0x00000000e7880000, 0x0000000100000000)
  eden space 94720K, 0% used [0x00000000e0000000,0x00000000e0000000,0x00000000e5c80000)
  from space 11264K, 89% used [0x00000000e6800000,0x00000000e71de318,0x00000000e7300000)
  to   space 11776K, 0% used [0x00000000e5c80000,0x00000000e5c80000,0x00000000e6800000)
 ParOldGen       total 108032K, used 9400K [0x00000000a0000000, 0x00000000a6980000, 0x00000000e0000000)
  object space 108032K, 8% used [0x00000000a0000000,0x00000000a092e0a0,0x00000000a6980000)
 Metaspace       used 34616K, capacity 35218K, committed 35416K, reserved 1079296K
  class space    used 4755K, capacity 4966K, committed 4992K, reserved 1048576K
}
Event: 9.128 GC heap before
{Heap before GC invocations=8 (full 2):
 PSYoungGen      total 105984K, used 10104K [0x00000000e0000000, 0x00000000e7880000, 0x0000000100000000)
  eden space 94720K, 0% used [0x00000000e0000000,0x00000000e0000000,0x00000000e5c80000)
  from space 11264K, 89% used [0x00000000e6800000,0x00000000e71de318,0x00000000e7300000)
  to   space 11776K, 0% used [0x00000000e5c80000,0x00000000e5c80000,0x00000000e6800000)
 ParOldGen       total 108032K, used 9400K [0x00000000a0000000, 0x00000000a6980000, 0x00000000e0000000)
  object space 108032K, 8% used [0x00000000a0000000,0x00000000a092e0a0,0x00000000a6980000)
 Metaspace       used 34616K, capacity 35218K, committed 35416K, reserved 1079296K
  class space    used 4755K, capacity 4966K, committed 4992K, reserved 1048576K
Event: 9.181 GC heap after
Heap after GC invocations=8 (full 2):
 PSYoungGen      total 105984K, used 0K [0x00000000e0000000, 0x00000000e7880000, 0x0000000100000000)
  eden space 94720K, 0% used [0x00000000e0000000,0x00000000e0000000,0x00000000e5c80000)
  from space 11264K, 0% used [0x00000000e6800000,0x00000000e6800000,0x00000000e7300000)
  to   space 11776K, 0% used [0x00000000e5c80000,0x00000000e5c80000,0x00000000e6800000)
 ParOldGen       total 165888K, used 16841K [0x00000000a0000000, 0x00000000aa200000, 0x00000000e0000000)
  object space 165888K, 10% used [0x00000000a0000000,0x00000000a1072670,0x00000000aa200000)
 Metaspace       used 34616K, capacity 35218K, committed 35416K, reserved 1079296K
  class space    used 4755K, capacity 4966K, committed 4992K, reserved 1048576K
}
Event: 11.099 GC heap before
{Heap before GC invocations=9 (full 2):
 PSYoungGen      total 105984K, used 94720K [0x00000000e0000000, 0x00000000e7880000, 0x0000000100000000)
  eden space 94720K, 100% used [0x00000000e0000000,0x00000000e5c80000,0x00000000e5c80000)
  from space 11264K, 0% used [0x00000000e6800000,0x00000000e6800000,0x00000000e7300000)
  to   space 11776K, 0% used [0x00000000e5c80000,0x00000000e5c80000,0x00000000e6800000)
 ParOldGen       total 165888K, used 16841K [0x00000000a0000000, 0x00000000aa200000, 0x00000000e0000000)
  object space 165888K, 10% used [0x00000000a0000000,0x00000000a1072670,0x00000000aa200000)
 Metaspace       used 41590K, capacity 42378K, committed 42584K, reserved 1085440K
  class space    used 5659K, capacity 5933K, committed 6016K, reserved 1048576K
Event: 11.111 GC heap after
Heap after GC invocations=9 (full 2):
 PSYoungGen      total 106496K, used 11754K [0x00000000e0000000, 0x00000000ea100000, 0x0000000100000000)
  eden space 94720K, 0% used [0x00000000e0000000,0x00000000e0000000,0x00000000e5c80000)
  from space 11776K, 99% used [0x00000000e5c80000,0x00000000e67fa8a0,0x00000000e6800000)
  to   space 13312K, 0% used [0x00000000e9400000,0x00000000e9400000,0x00000000ea100000)
 ParOldGen       total 165888K, used 18445K [0x00000000a0000000, 0x00000000aa200000, 0x00000000e0000000)
  object space 165888K, 11% used [0x00000000a0000000,0x00000000a12036d8,0x00000000aa200000)
 Metaspace       used 41590K, capacity 42378K, committed 42584K, reserved 1085440K
  class space    used 5659K, capacity 5933K, committed 6016K, reserved 1048576K
}

Deoptimization events (10 events):
Event: 10.062 Thread 0x0000000018f6c800 Uncommon trap: reason=unstable_if action=reinterpret pc=0x0000000002744b08 method=java.util.jar.JarFile$JarFileEntry.getCodeSigners()[Ljava/security/CodeSigner; @ 24
Event: 10.063 Thread 0x0000000018f6c800 Uncommon trap: reason=unstable_if action=reinterpret pc=0x0000000002b39d6c method=java.security.CodeSource.getCertificates()[Ljava/security/cert/Certificate; @ 22
Event: 10.064 Thread 0x0000000018f6c800 Uncommon trap: reason=unstable_if action=reinterpret pc=0x0000000002b3be84 method=java.util.jar.JarFile$JarFileEntry.getCodeSigners()[Ljava/security/CodeSigner; @ 24
Event: 10.064 Thread 0x0000000018f6c800 Uncommon trap: reason=unstable_if action=reinterpret pc=0x00000000028ef884 method=java.security.CodeSource.matchCerts(Ljava/security/CodeSource;Z)Z @ 11
Event: 10.136 Thread 0x0000000018f6c800 Uncommon trap: reason=unstable_if action=reinterpret pc=0x0000000002acfd40 method=java.util.LinkedHashMap.get(Ljava/lang/Object;)Ljava/lang/Object; @ 20
Event: 10.205 Thread 0x0000000018f6c800 Uncommon trap: reason=unstable_if action=reinterpret pc=0x0000000003016358 method=java.security.CodeSource.matchCerts(Ljava/security/CodeSource;Z)Z @ 11
Event: 10.261 Thread 0x0000000018f6c800 Uncommon trap: reason=unstable_if action=reinterpret pc=0x0000000002ea53a0 method=org.objectweb.asm.ByteVector.putUTF8(Ljava/lang/String;)Lorg/objectweb/asm/ByteVector; @ 91
Event: 10.621 Thread 0x0000000018f6c800 Uncommon trap: reason=null_check action=make_not_entrant pc=0x0000000002b5b6a4 method=java.lang.ThreadLocal$ThreadLocalMap.getEntryAfterMiss(Ljava/lang/ThreadLocal;ILjava/lang/ThreadLocal$ThreadLocalMap$Entry;)Ljava/lang/ThreadLocal$ThreadLocalMap$Entry; 
Event: 10.817 Thread 0x0000000018f6c800 Uncommon trap: reason=unstable_if action=reinterpret pc=0x00000000029ac1e4 method=java.util.concurrent.ConcurrentHashMap.addCount(JI)V @ 110
Event: 10.823 Thread 0x0000000018f6c800 Uncommon trap: reason=class_check action=maybe_recompile pc=0x0000000002b09f64 method=java.lang.reflect.Executable.getAnnotation(Ljava/lang/Class;)Ljava/lang/annotation/Annotation; @ 19

Classes redefined (0 events):
No events

Internal exceptions (10 events):
Event: 11.215 Thread 0x0000000018f6c800 Exception <a 'java/lang/ClassNotFoundException': org/gradle/api/internal/AbstractTaskBeanInfo> (0x00000000e07eb9d8) thrown at [D:\src\AOSP-openjdk-cygwin\jdk8u\hotspot\src\share\vm\classfile\systemDictionary.cpp, line 210]
Event: 11.217 Thread 0x0000000018f6c800 Exception <a 'java/lang/ClassNotFoundException': org/gradle/api/internal/AbstractTaskCustomizer> (0x00000000e08230e0) thrown at [D:\src\AOSP-openjdk-cygwin\jdk8u\hotspot\src\share\vm\classfile\systemDictionary.cpp, line 210]
Event: 11.226 Thread 0x0000000018f6c800 Exception <a 'java/lang/ClassNotFoundException': org/gradle/api/DefaultTaskCustomizer> (0x00000000e08ba358) thrown at [D:\src\AOSP-openjdk-cygwin\jdk8u\hotspot\src\share\vm\classfile\systemDictionary.cpp, line 210]
Event: 11.229 Thread 0x0000000018f6c800 Exception <a 'java/lang/ClassNotFoundException': org/gradle/api/internal/ConventionTaskCustomizer> (0x00000000e0901a80) thrown at [D:\src\AOSP-openjdk-cygwin\jdk8u\hotspot\src\share\vm\classfile\systemDictionary.cpp, line 210]
Event: 11.230 Thread 0x0000000018f6c800 Exception <a 'java/lang/ClassNotFoundException': org/gradle/api/tasks/AbstractCopyTaskCustomizer> (0x00000000e094bb98) thrown at [D:\src\AOSP-openjdk-cygwin\jdk8u\hotspot\src\share\vm\classfile\systemDictionary.cpp, line 210]
Event: 11.239 Thread 0x0000000018f6c800 Exception <a 'java/lang/ClassNotFoundException': org/gradle/api/tasks/bundling/AbstractArchiveTaskCustomizer> (0x00000000e0a1f6f8) thrown at [D:\src\AOSP-openjdk-cygwin\jdk8u\hotspot\src\share\vm\classfile\systemDictionary.cpp, line 210]
Event: 11.241 Thread 0x0000000018f6c800 Exception <a 'java/lang/ClassNotFoundException': org/gradle/api/tasks/bundling/ZipCustomizer> (0x00000000e0a92508) thrown at [D:\src\AOSP-openjdk-cygwin\jdk8u\hotspot\src\share\vm\classfile\systemDictionary.cpp, line 210]
Event: 11.243 Thread 0x0000000018f6c800 Exception <a 'java/lang/ClassNotFoundException': org/gradle/jvm/tasks/JarCustomizer> (0x00000000e0af17a0) thrown at [D:\src\AOSP-openjdk-cygwin\jdk8u\hotspot\src\share\vm\classfile\systemDictionary.cpp, line 210]
Event: 11.245 Thread 0x0000000018f6c800 Exception <a 'java/lang/ClassNotFoundException': org/gradle/api/tasks/bundling/JarCustomizer> (0x00000000e0b62ba0) thrown at [D:\src\AOSP-openjdk-cygwin\jdk8u\hotspot\src\share\vm\classfile\systemDictionary.cpp, line 210]
Event: 11.247 Thread 0x0000000018f6c800 Exception <a 'java/lang/ClassNotFoundException': org/gradle/api/tasks/bundling/Jar_DecoratedCustomizer> (0x00000000e0bd0fd8) thrown at [D:\src\AOSP-openjdk-cygwin\jdk8u\hotspot\src\share\vm\classfile\systemDictionary.cpp, line 210]

Events (10 events):
Event: 11.245 loading class org/gradle/api/tasks/bundling/JarCustomizer
Event: 11.245 loading class org/gradle/api/tasks/bundling/JarCustomizer done
Event: 11.246 loading class org/gradle/api/tasks/bundling/Jar_DecoratedCustomizer
Event: 11.246 loading class org/gradle/api/tasks/bundling/Jar_DecoratedCustomizer done
Event: 11.246 loading class org/gradle/api/tasks/bundling/Jar_DecoratedCustomizer
Event: 11.246 loading class org/gradle/api/tasks/bundling/Jar_DecoratedCustomizer done
Event: 11.246 loading class org/gradle/api/tasks/bundling/Jar_DecoratedCustomizer
Event: 11.246 loading class org/gradle/api/tasks/bundling/Jar_DecoratedCustomizer done
Event: 11.247 loading class org/gradle/api/tasks/bundling/Jar_DecoratedCustomizer
Event: 11.247 loading class org/gradle/api/tasks/bundling/Jar_DecoratedCustomizer done


Dynamic libraries:
0x00007ff75df40000 - 0x00007ff75df71000 	C:\Program Files\Android\Android Studio\jre\bin\java.exe
0x00007ff80d350000 - 0x00007ff80d531000 	C:\WINDOWS\SYSTEM32\ntdll.dll
0x00007ff80cde0000 - 0x00007ff80ce91000 	C:\WINDOWS\System32\KERNEL32.DLL
0x00007ff80a000000 - 0x00007ff80a273000 	C:\WINDOWS\System32\KERNELBASE.dll
0x00007ff80d270000 - 0x00007ff80d311000 	C:\WINDOWS\System32\ADVAPI32.dll
0x00007ff80ace0000 - 0x00007ff80ad7e000 	C:\WINDOWS\System32\msvcrt.dll
0x00007ff80c920000 - 0x00007ff80c97b000 	C:\WINDOWS\System32\sechost.dll
0x00007ff80ccb0000 - 0x00007ff80cdd4000 	C:\WINDOWS\System32\RPCRT4.dll
0x00007ff80cf80000 - 0x00007ff80d110000 	C:\WINDOWS\System32\USER32.dll
0x00007ff809e90000 - 0x00007ff809eb0000 	C:\WINDOWS\System32\win32u.dll
0x00007ff80a980000 - 0x00007ff80a9a8000 	C:\WINDOWS\System32\GDI32.dll
0x00007ff80a350000 - 0x00007ff80a4e2000 	C:\WINDOWS\System32\gdi32full.dll
0x00007ff809f60000 - 0x00007ff809fff000 	C:\WINDOWS\System32\msvcp_win.dll
0x00007ff80a6e0000 - 0x00007ff80a7d8000 	C:\WINDOWS\System32\ucrtbase.dll
0x00007ffffe790000 - 0x00007ffffe9f9000 	C:\WINDOWS\WinSxS\amd64_microsoft.windows.common-controls_6595b64144ccf1df_6.0.17134.706_none_fb43a2cb30647007\COMCTL32.dll
0x00007ff80a9b0000 - 0x00007ff80acd2000 	C:\WINDOWS\System32\combase.dll
0x00007ff80a2d0000 - 0x00007ff80a34a000 	C:\WINDOWS\System32\bcryptPrimitives.dll
0x00007ff80d110000 - 0x00007ff80d13d000 	C:\WINDOWS\System32\IMM32.DLL
0x0000000060170000 - 0x0000000060242000 	C:\Program Files\Android\Android Studio\jre\jre\bin\msvcr100.dll
0x0000000062a30000 - 0x0000000063271000 	C:\Program Files\Android\Android Studio\jre\jre\bin\server\jvm.dll
0x00007ff80c220000 - 0x00007ff80c228000 	C:\WINDOWS\System32\PSAPI.DLL
0x00007ffff3e70000 - 0x00007ffff3e79000 	C:\WINDOWS\SYSTEM32\WSOCK32.dll
0x00007ff8034d0000 - 0x00007ff8034da000 	C:\WINDOWS\SYSTEM32\VERSION.dll
0x00007ff806ff0000 - 0x00007ff807013000 	C:\WINDOWS\SYSTEM32\WINMM.dll
0x00007ff80d160000 - 0x00007ff80d1cc000 	C:\WINDOWS\System32\WS2_32.dll
0x00007ff806fc0000 - 0x00007ff806fea000 	C:\WINDOWS\SYSTEM32\winmmbase.dll
0x00007ff80a280000 - 0x00007ff80a2c9000 	C:\WINDOWS\System32\cfgmgr32.dll
0x00007ffff76d0000 - 0x00007ffff76df000 	C:\Program Files\Android\Android Studio\jre\jre\bin\verify.dll
0x00007ffff6250000 - 0x00007ffff6279000 	C:\Program Files\Android\Android Studio\jre\jre\bin\java.dll
0x00007ffff5670000 - 0x00007ffff5686000 	C:\Program Files\Android\Android Studio\jre\jre\bin\zip.dll
0x00007ff80ad80000 - 0x00007ff80c1c0000 	C:\WINDOWS\System32\SHELL32.dll
0x00007ff80c870000 - 0x00007ff80c919000 	C:\WINDOWS\System32\shcore.dll
0x00007ff809780000 - 0x00007ff809e8d000 	C:\WINDOWS\System32\windows.storage.dll
0x00007ff80c240000 - 0x00007ff80c291000 	C:\WINDOWS\System32\shlwapi.dll
0x00007ff809700000 - 0x00007ff809711000 	C:\WINDOWS\System32\kernel.appcore.dll
0x00007ff809670000 - 0x00007ff80968f000 	C:\WINDOWS\System32\profapi.dll
0x00007ff8096b0000 - 0x00007ff8096fc000 	C:\WINDOWS\System32\powrprof.dll
0x00007ff809660000 - 0x00007ff80966a000 	C:\WINDOWS\System32\FLTLIB.DLL
0x00007ffff5300000 - 0x00007ffff531a000 	C:\Program Files\Android\Android Studio\jre\jre\bin\net.dll
0x00007ff808ee0000 - 0x00007ff808f46000 	C:\WINDOWS\system32\mswsock.dll
0x00007ffff4e90000 - 0x00007ffff4ea1000 	C:\Program Files\Android\Android Studio\jre\jre\bin\nio.dll
0x00007ff804b00000 - 0x00007ff804b1e000 	C:\Users\Lukep\.gradle\native\25\windows-amd64\native-platform.dll
0x00007ffff76a0000 - 0x00007ffff76ad000 	C:\Program Files\Android\Android Studio\jre\jre\bin\management.dll
0x00007ff809090000 - 0x00007ff8090a7000 	C:\WINDOWS\SYSTEM32\CRYPTSP.dll
0x00007ff808ac0000 - 0x00007ff808af3000 	C:\WINDOWS\system32\rsaenh.dll
0x00007ff8091c0000 - 0x00007ff8091e5000 	C:\WINDOWS\SYSTEM32\bcrypt.dll
0x00007ff809560000 - 0x00007ff809588000 	C:\WINDOWS\SYSTEM32\USERENV.dll
0x00007ff8090b0000 - 0x00007ff8090bb000 	C:\WINDOWS\SYSTEM32\CRYPTBASE.dll
0x00007ff808c60000 - 0x00007ff808c98000 	C:\WINDOWS\SYSTEM32\IPHLPAPI.DLL
0x00007ff80c230000 - 0x00007ff80c238000 	C:\WINDOWS\System32\NSI.dll
0x00007ff800b50000 - 0x00007ff800b66000 	C:\WINDOWS\SYSTEM32\dhcpcsvc6.DLL
0x00007ff8016c0000 - 0x00007ff8016da000 	C:\WINDOWS\SYSTEM32\dhcpcsvc.DLL

VM Arguments:
jvm_args: -Xmx1536M -Dfile.encoding=windows-1252 -Duser.country=US -Duser.language=en -Duser.variant 
java_command: org.gradle.launcher.daemon.bootstrap.GradleDaemon 4.10.2
java_class_path (initial): C:\Users\Lukep\.gradle\wrapper\dists\gradle-4.10.2-all\9fahxiiecdb76a5g3aw9oi8rv\gradle-4.10.2\lib\gradle-launcher-4.10.2.jar
Launcher Type: SUN_STANDARD

Environment Variables:
JAVA_HOME=C:\Program Files\Android\Android Studio\jre
CLASSPATH=C:\Users\Lukep\Desktop\KA\KitchenAssist\android\\gradle\wrapper\gradle-wrapper.jar
PATH=C:\Program Files (x86)\Intel\Intel(R) Management Engine Components\iCLS\;C:\Program Files\Intel\Intel(R) Management Engine Components\iCLS\;C:\Windows\system32;C:\Windows;C:\Windows\System32\Wbem;C:\Windows\System32\WindowsPowerShell\v1.0\;C:\Program Files (x86)\Intel\Intel(R) Management Engine Components\DAL;C:\Program Files\Intel\Intel(R) Management Engine Components\DAL;C:\Program Files (x86)\Intel\Intel(R) Management Engine Components\IPT;C:\Program Files\Intel\Intel(R) Management Engine Components\IPT;C:\Program Files (x86)\NVIDIA Corporation\PhysX\Common;C:\Program Files\Intel\WiFi\bin\;C:\Program Files\Common Files\Intel\WirelessCommon\;C:\WINDOWS\system32;C:\WINDOWS;C:\WINDOWS\System32\Wbem;C:\WINDOWS\System32\WindowsPowerShell\v1.0\;C:\WINDOWS\System32\OpenSSH\;C:\MinGW\bin;C:\Program Files\dotnet\;C:\Program Files\Git\cmd;C:\Program Files\NVIDIA Corporation\NVIDIA NvDLISR;C:\Users\Lukep\AppData\Local\Microsoft\WindowsApps
USERNAME=Lukep
OS=Windows_NT
PROCESSOR_IDENTIFIER=Intel64 Family 6 Model 158 Stepping 9, GenuineIntel



---------------  S Y S T E M  ---------------

OS: Windows 10.0 , 64 bit Build 17134 (10.0.17134.706)

CPU:total 4 (initial active 4) (4 cores per cpu, 1 threads per core) family 6 model 158 stepping 9, cmov, cx8, fxsr, mmx, sse, sse2, sse3, ssse3, sse4.1, sse4.2, popcnt, avx, avx2, aes, clmul, erms, 3dnowpref, lzcnt, tsc, tscinvbit, bmi1, bmi2, adx

Memory: 4k page, physical 16640468k(4550936k free), swap 16640468k(4364k free)

vm_info: OpenJDK 64-Bit Server VM (25.152-b01) for windows-amd64 JRE (1.8.0_152-release-1248-b01), built by "builder" with MS VC++ 10.0 (VS2010)

time: Mon Apr 15 17:47:42 2019
elapsed time: 11 seconds (0d 0h 0m 11s)

