#
# There is insufficient memory for the Java Runtime Environment to continue.
# Native memory allocation (malloc) failed to allocate 1101536 bytes for Chunk::new
# Possible reasons:
#   The system is out of physical RAM or swap space
#   In 32 bit mode, the process size limit was hit
# Possible solutions:
#   Reduce memory load on the system
#   Increase physical memory or swap space
#   Check if swap backing store is full
#   Use 64 bit Java on a 64 bit OS
#   Decrease Java heap size (-Xmx/-Xms)
#   Decrease number of Java threads
#   Decrease Java thread stack sizes (-Xss)
#   Set larger code cache with -XX:ReservedCodeCacheSize=
# This output file may be truncated or incomplete.
#
#  Out of Memory Error (allocation.cpp:390), pid=1092, tid=0x00000000000042ec
#
# JRE version: OpenJDK Runtime Environment (8.0_152-b01) (build 1.8.0_152-release-1248-b01)
# Java VM: OpenJDK 64-Bit Server VM (25.152-b01 mixed mode windows-amd64 compressed oops)
# Failed to write core dump. Minidumps are not enabled by default on client versions of Windows
#

---------------  T H R E A D  ---------------

Current thread (0x0000000015fa6800):  JavaThread "C2 CompilerThread1" daemon [_thread_in_native, id=17132, stack(0x00000000176f0000,0x00000000177f0000)]

Stack: [0x00000000176f0000,0x00000000177f0000]
[error occurred during error reporting (printing stack bounds), id 0xc0000005]

Native frames: (J=compiled Java code, j=interpreted, Vv=VM code, C=native code)


Current CompileTask:
C2:  13323 6412   !   4       org.gradle.api.internal.AbstractClassGenerator::generateUnderLock (1171 bytes)


---------------  P R O C E S S  ---------------

Java Threads: ( => current thread )
  0x000000001ac3f000 JavaThread "Memory manager" [_thread_blocked, id=14008, stack(0x00000000203d0000,0x00000000204d0000)]
  0x000000001ac41800 JavaThread "Build operations Thread 4" [_thread_blocked, id=13152, stack(0x00000000202d0000,0x00000000203d0000)]
  0x000000001abb3000 JavaThread "Build operations Thread 3" [_thread_blocked, id=16092, stack(0x00000000201d0000,0x00000000202d0000)]
  0x000000001abae800 JavaThread "Build operations Thread 2" [_thread_blocked, id=11856, stack(0x00000000200d0000,0x00000000201d0000)]
  0x000000001abb2000 JavaThread "Build operations" [_thread_blocked, id=13844, stack(0x000000001ffd0000,0x00000000200d0000)]
  0x000000001abb1800 JavaThread "Cache worker for Artifact transforms cache (C:\Users\Lukep\.gradle\caches\transforms-1)" [_thread_blocked, id=14972, stack(0x000000001f940000,0x000000001fa40000)]
  0x000000001abb0000 JavaThread "Cache worker for cache directory md-rule (C:\Users\Lukep\.gradle\caches\4.10.2\md-rule)" [_thread_blocked, id=3048, stack(0x000000001f840000,0x000000001f940000)]
  0x000000001abb5000 JavaThread "Cache worker for cache directory md-supplier (C:\Users\Lukep\.gradle\caches\4.10.2\md-supplier)" [_thread_blocked, id=11772, stack(0x000000001cf40000,0x000000001d040000)]
  0x000000001abaf000 JavaThread "Cache worker for journal cache (C:\Users\Lukep\.gradle\caches\journal-1)" [_thread_blocked, id=7032, stack(0x000000001cc40000,0x000000001cd40000)]
  0x000000001abb4800 JavaThread "Cache worker for file hash cache (C:\Users\Lukep\Desktop\KA\KitchenAssist\android\.gradle\4.10.2\fileHashes)" [_thread_blocked, id=3848, stack(0x000000001b910000,0x000000001ba10000)]
  0x000000001a9de800 JavaThread "File lock request listener" [_thread_in_native, id=9432, stack(0x000000001b810000,0x000000001b910000)]
  0x000000001a97e000 JavaThread "Cache worker for file hash cache (C:\Users\Lukep\.gradle\caches\4.10.2\fileHashes)" [_thread_blocked, id=9692, stack(0x000000001b710000,0x000000001b810000)]
  0x0000000018e37000 JavaThread "Stdin handler" [_thread_blocked, id=15048, stack(0x000000001a440000,0x000000001a540000)]
  0x0000000018e34800 JavaThread "Asynchronous log dispatcher for DefaultDaemonConnection: socket connection from /127.0.0.1:58524 to /127.0.0.1:58525" [_thread_blocked, id=16376, stack(0x000000001a340000,0x000000001a440000)]
  0x0000000018e46000 JavaThread "Daemon worker" [_thread_in_native, id=8680, stack(0x000000001a240000,0x000000001a340000)]
  0x0000000018e44000 JavaThread "Cancel handler" [_thread_blocked, id=13164, stack(0x000000001a140000,0x000000001a240000)]
  0x0000000018e41000 JavaThread "Handler for socket connection from /127.0.0.1:58524 to /127.0.0.1:58525" [_thread_in_native, id=2084, stack(0x000000001a040000,0x000000001a140000)]
  0x0000000018e14000 JavaThread "Daemon" [_thread_blocked, id=13976, stack(0x0000000019f40000,0x000000001a040000)]
  0x0000000018def800 JavaThread "Daemon periodic checks" [_thread_blocked, id=7592, stack(0x0000000019e40000,0x0000000019f40000)]
  0x0000000018ddf000 JavaThread "Incoming local TCP Connector on port 58524" [_thread_in_native, id=11220, stack(0x0000000019c00000,0x0000000019d00000)]
  0x0000000015ffe800 JavaThread "Service Thread" daemon [_thread_blocked, id=16876, stack(0x0000000017cf0000,0x0000000017df0000)]
  0x0000000015fa9800 JavaThread "C1 CompilerThread2" daemon [_thread_blocked, id=8896, stack(0x00000000177f0000,0x00000000178f0000)]
=>0x0000000015fa6800 JavaThread "C2 CompilerThread1" daemon [_thread_in_native, id=17132, stack(0x00000000176f0000,0x00000000177f0000)]
  0x0000000015fa3000 JavaThread "C2 CompilerThread0" daemon [_thread_in_native, id=6692, stack(0x00000000175f0000,0x00000000176f0000)]
  0x0000000015fa0800 JavaThread "Attach Listener" daemon [_thread_blocked, id=17232, stack(0x00000000174f0000,0x00000000175f0000)]
  0x0000000015f9f800 JavaThread "Signal Dispatcher" daemon [_thread_blocked, id=9580, stack(0x00000000173f0000,0x00000000174f0000)]
  0x000000000262d000 JavaThread "Finalizer" daemon [_thread_blocked, id=10576, stack(0x0000000017200000,0x0000000017300000)]
  0x0000000002622000 JavaThread "Reference Handler" daemon [_thread_blocked, id=4596, stack(0x0000000017100000,0x0000000017200000)]
  0x0000000002532800 JavaThread "main" [_thread_blocked, id=16192, stack(0x00000000023e0000,0x00000000024e0000)]

Other Threads:
  0x0000000015f67800 VMThread [stack: 0x0000000017000000,0x0000000017100000] [id=12400]
  0x000000001791f000 WatcherThread [stack: 0x0000000017df0000,0x0000000017ef0000] [id=13660]

VM state:not at safepoint (normal execution)

VM Mutex/Monitor currently owned by a thread: None

Heap:
 PSYoungGen      total 165376K, used 18663K [0x00000000e0000000, 0x00000000edf00000, 0x0000000100000000)
  eden space 141312K, 13% used [0x00000000e0000000,0x00000000e1239de8,0x00000000e8a00000)
  from space 24064K, 0% used [0x00000000ec780000,0x00000000ec780000,0x00000000edf00000)
  to   space 16896K, 0% used [0x00000000e8a00000,0x00000000e8a00000,0x00000000e9a80000)
 ParOldGen       total 168960K, used 47664K [0x00000000a0000000, 0x00000000aa500000, 0x00000000e0000000)
  object space 168960K, 28% used [0x00000000a0000000,0x00000000a2e8c030,0x00000000aa500000)
 Metaspace       used 57103K, capacity 59670K, committed 59776K, reserved 1099776K
  class space    used 7812K, capacity 8567K, committed 8576K, reserved 1048576K

Card table byte_map: [0x00000000119f0000,0x0000000011d00000] byte_map_base: 0x00000000114f0000

Marking Bits: (ParMarkBitMap*) 0x0000000059995aa0
 Begin Bits: [0x0000000012300000, 0x0000000013b00000)
 End Bits:   [0x0000000013b00000, 0x0000000015300000)

Polling page: 0x00000000003b0000

CodeCache: size=245760Kb used=21923Kb max_used=21923Kb free=223836Kb
 bounds [0x0000000002630000, 0x0000000003bb0000, 0x0000000011630000]
 total_blobs=7399 nmethods=6600 adapters=711
 compilation: enabled

Compilation events (10 events):
Event: 13.308 Thread 0x0000000015fa9800 7258       1       org.gradle.api.internal.tasks.DefaultTaskContainer::access$1700 (5 bytes)
Event: 13.308 Thread 0x0000000015fa9800 nmethod 7258 0x0000000003ba7b10 code [0x0000000003ba7c60, 0x0000000003ba7d50]
Event: 13.308 Thread 0x0000000015fa9800 7259       3       com.google.common.base.Predicates$IsEqualToPredicate::apply (9 bytes)
Event: 13.309 Thread 0x0000000015fa9800 nmethod 7259 0x0000000003ba7dd0 code [0x0000000003ba7f40, 0x0000000003ba8168]
Event: 13.309 Thread 0x0000000015fa9800 7260       3       java.util.concurrent.ConcurrentHashMap$ValueIterator::next (34 bytes)
Event: 13.310 Thread 0x0000000015fa9800 nmethod 7260 0x0000000003ba8250 code [0x0000000003ba83e0, 0x0000000003ba86f8]
Event: 13.312 Thread 0x0000000015fa9800 7261       3       com.android.build.gradle.internal.dependency.SourceSetManagerKt::getDependencyUrl (4 bytes)
Event: 13.312 Thread 0x0000000015fa9800 nmethod 7261 0x0000000003ba8850 code [0x0000000003ba89a0, 0x0000000003ba8ad0]
Event: 13.312 Thread 0x0000000015fa9800 7262       3       com.android.build.gradle.internal.variant2.RenamedConfigurationAction::<init> (57 bytes)
Event: 13.312 Thread 0x0000000015fa9800 nmethod 7262 0x0000000003ba8b50 code [0x0000000003ba8d20, 0x0000000003ba92b8]

GC Heap History (10 events):
Event: 8.201 GC heap before
{Heap before GC invocations=9 (full 2):
 PSYoungGen      total 109056K, used 97792K [0x00000000e0000000, 0x00000000e7b00000, 0x0000000100000000)
  eden space 97792K, 100% used [0x00000000e0000000,0x00000000e5f80000,0x00000000e5f80000)
  from space 11264K, 0% used [0x00000000e6b00000,0x00000000e6b00000,0x00000000e7600000)
  to   space 11776K, 0% used [0x00000000e5f80000,0x00000000e5f80000,0x00000000e6b00000)
 ParOldGen       total 168960K, used 16837K [0x00000000a0000000, 0x00000000aa500000, 0x00000000e0000000)
  object space 168960K, 9% used [0x00000000a0000000,0x00000000a1071640,0x00000000aa500000)
 Metaspace       used 41780K, capacity 42544K, committed 42880K, reserved 1085440K
  class space    used 5689K, capacity 5966K, committed 6016K, reserved 1048576K
Event: 8.219 GC heap after
Heap after GC invocations=9 (full 2):
 PSYoungGen      total 109568K, used 11757K [0x00000000e0000000, 0x00000000ea800000, 0x0000000100000000)
  eden space 97792K, 0% used [0x00000000e0000000,0x00000000e0000000,0x00000000e5f80000)
  from space 11776K, 99% used [0x00000000e5f80000,0x00000000e6afb770,0x00000000e6b00000)
  to   space 13824K, 0% used [0x00000000e9a80000,0x00000000e9a80000,0x00000000ea800000)
 ParOldGen       total 168960K, used 18776K [0x00000000a0000000, 0x00000000aa500000, 0x00000000e0000000)
  object space 168960K, 11% used [0x00000000a0000000,0x00000000a12561c0,0x00000000aa500000)
 Metaspace       used 41780K, capacity 42544K, committed 42880K, reserved 1085440K
  class space    used 5689K, capacity 5966K, committed 6016K, reserved 1048576K
}
Event: 9.647 GC heap before
{Heap before GC invocations=10 (full 2):
 PSYoungGen      total 109568K, used 109549K [0x00000000e0000000, 0x00000000ea800000, 0x0000000100000000)
  eden space 97792K, 100% used [0x00000000e0000000,0x00000000e5f80000,0x00000000e5f80000)
  from space 11776K, 99% used [0x00000000e5f80000,0x00000000e6afb770,0x00000000e6b00000)
  to   space 13824K, 0% used [0x00000000e9a80000,0x00000000e9a80000,0x00000000ea800000)
 ParOldGen       total 168960K, used 18776K [0x00000000a0000000, 0x00000000aa500000, 0x00000000e0000000)
  object space 168960K, 11% used [0x00000000a0000000,0x00000000a12561c0,0x00000000aa500000)
 Metaspace       used 48235K, capacity 49230K, committed 49536K, reserved 1091584K
  class space    used 6559K, capacity 6956K, committed 7040K, reserved 1048576K
Event: 9.664 GC heap after
Heap after GC invocations=10 (full 2):
 PSYoungGen      total 155136K, used 13817K [0x00000000e0000000, 0x00000000ead00000, 0x0000000100000000)
  eden space 141312K, 0% used [0x00000000e0000000,0x00000000e0000000,0x00000000e8a00000)
  from space 13824K, 99% used [0x00000000e9a80000,0x00000000ea7fe438,0x00000000ea800000)
  to   space 16896K, 0% used [0x00000000e8a00000,0x00000000e8a00000,0x00000000e9a80000)
 ParOldGen       total 168960K, used 22985K [0x00000000a0000000, 0x00000000aa500000, 0x00000000e0000000)
  object space 168960K, 13% used [0x00000000a0000000,0x00000000a16724a0,0x00000000aa500000)
 Metaspace       used 48235K, capacity 49230K, committed 49536K, reserved 1091584K
  class space    used 6559K, capacity 6956K, committed 7040K, reserved 1048576K
}
Event: 12.068 GC heap before
{Heap before GC invocations=11 (full 2):
 PSYoungGen      total 155136K, used 155129K [0x00000000e0000000, 0x00000000ead00000, 0x0000000100000000)
  eden space 141312K, 100% used [0x00000000e0000000,0x00000000e8a00000,0x00000000e8a00000)
  from space 13824K, 99% used [0x00000000e9a80000,0x00000000ea7fe438,0x00000000ea800000)
  to   space 16896K, 0% used [0x00000000e8a00000,0x00000000e8a00000,0x00000000e9a80000)
 ParOldGen       total 168960K, used 22985K [0x00000000a0000000, 0x00000000aa500000, 0x00000000e0000000)
  object space 168960K, 13% used [0x00000000a0000000,0x00000000a16724a0,0x00000000aa500000)
 Metaspace       used 56099K, capacity 58150K, committed 58240K, reserved 1099776K
  class space    used 7694K, capacity 8286K, committed 8320K, reserved 1048576K
Event: 12.096 GC heap after
Heap after GC invocations=11 (full 2):
 PSYoungGen      total 158208K, used 16877K [0x00000000e0000000, 0x00000000edf00000, 0x0000000100000000)
  eden space 141312K, 0% used [0x00000000e0000000,0x00000000e0000000,0x00000000e8a00000)
  from space 16896K, 99% used [0x00000000e8a00000,0x00000000e9a7b4f8,0x00000000e9a80000)
  to   space 24064K, 0% used [0x00000000ec780000,0x00000000ec780000,0x00000000edf00000)
 ParOldGen       total 168960K, used 35847K [0x00000000a0000000, 0x00000000aa500000, 0x00000000e0000000)
  object space 168960K, 21% used [0x00000000a0000000,0x00000000a2301fc8,0x00000000aa500000)
 Metaspace       used 56099K, capacity 58150K, committed 58240K, reserved 1099776K
  class space    used 7694K, capacity 8286K, committed 8320K, reserved 1048576K
}
Event: 12.463 GC heap before
{Heap before GC invocations=12 (full 2):
 PSYoungGen      total 158208K, used 34633K [0x00000000e0000000, 0x00000000edf00000, 0x0000000100000000)
  eden space 141312K, 12% used [0x00000000e0000000,0x00000000e1157138,0x00000000e8a00000)
  from space 16896K, 99% used [0x00000000e8a00000,0x00000000e9a7b4f8,0x00000000e9a80000)
  to   space 24064K, 0% used [0x00000000ec780000,0x00000000ec780000,0x00000000edf00000)
 ParOldGen       total 168960K, used 35847K [0x00000000a0000000, 0x00000000aa500000, 0x00000000e0000000)
  object space 168960K, 21% used [0x00000000a0000000,0x00000000a2301fc8,0x00000000aa500000)
 Metaspace       used 56650K, capacity 58928K, committed 59028K, reserved 1099776K
  class space    used 7749K, capacity 8409K, committed 8448K, reserved 1048576K
Event: 12.491 GC heap after
Heap after GC invocations=12 (full 2):
 PSYoungGen      total 165376K, used 14833K [0x00000000e0000000, 0x00000000edf00000, 0x0000000100000000)
  eden space 141312K, 0% used [0x00000000e0000000,0x00000000e0000000,0x00000000e8a00000)
  from space 24064K, 61% used [0x00000000ec780000,0x00000000ed5fc698,0x00000000edf00000)
  to   space 16896K, 0% used [0x00000000e8a00000,0x00000000e8a00000,0x00000000e9a80000)
 ParOldGen       total 168960K, used 41757K [0x00000000a0000000, 0x00000000aa500000, 0x00000000e0000000)
  object space 168960K, 24% used [0x00000000a0000000,0x00000000a28c74c0,0x00000000aa500000)
 Metaspace       used 56650K, capacity 58928K, committed 59028K, reserved 1099776K
  class space    used 7749K, capacity 8409K, committed 8448K, reserved 1048576K
}
Event: 12.491 GC heap before
{Heap before GC invocations=13 (full 3):
 PSYoungGen      total 165376K, used 14833K [0x00000000e0000000, 0x00000000edf00000, 0x0000000100000000)
  eden space 141312K, 0% used [0x00000000e0000000,0x00000000e0000000,0x00000000e8a00000)
  from space 24064K, 61% used [0x00000000ec780000,0x00000000ed5fc698,0x00000000edf00000)
  to   space 16896K, 0% used [0x00000000e8a00000,0x00000000e8a00000,0x00000000e9a80000)
 ParOldGen       total 168960K, used 41757K [0x00000000a0000000, 0x00000000aa500000, 0x00000000e0000000)
  object space 168960K, 24% used [0x00000000a0000000,0x00000000a28c74c0,0x00000000aa500000)
 Metaspace       used 56650K, capacity 58928K, committed 59028K, reserved 1099776K
  class space    used 7749K, capacity 8409K, committed 8448K, reserved 1048576K
Event: 12.764 GC heap after
Heap after GC invocations=13 (full 3):
 PSYoungGen      total 165376K, used 0K [0x00000000e0000000, 0x00000000edf00000, 0x0000000100000000)
  eden space 141312K, 0% used [0x00000000e0000000,0x00000000e0000000,0x00000000e8a00000)
  from space 24064K, 0% used [0x00000000ec780000,0x00000000ec780000,0x00000000edf00000)
  to   space 16896K, 0% used [0x00000000e8a00000,0x00000000e8a00000,0x00000000e9a80000)
 ParOldGen       total 168960K, used 47664K [0x00000000a0000000, 0x00000000aa500000, 0x00000000e0000000)
  object space 168960K, 28% used [0x00000000a0000000,0x00000000a2e8c030,0x00000000aa500000)
 Metaspace       used 56650K, capacity 58928K, committed 59028K, reserved 1099776K
  class space    used 7749K, capacity 8409K, committed 8448K, reserved 1048576K
}

Deoptimization events (10 events):
Event: 10.937 Thread 0x0000000018e46000 Uncommon trap: reason=unstable_if action=reinterpret pc=0x000000000377b658 method=java.lang.reflect.Executable.sharedToGenericString(IZ)Ljava/lang/String; @ 65
Event: 10.949 Thread 0x0000000018e46000 Uncommon trap: reason=unstable_if action=reinterpret pc=0x00000000032a26c0 method=java.lang.reflect.AccessibleObject.setAccessible0(Ljava/lang/reflect/AccessibleObject;Z)V @ 23
Event: 11.444 Thread 0x0000000018e46000 Uncommon trap: reason=class_check action=maybe_recompile pc=0x00000000032b8dd4 method=groovy.lang.MetaMethod.isStatic()Z @ 1
Event: 11.444 Thread 0x0000000018e46000 Uncommon trap: reason=class_check action=maybe_recompile pc=0x00000000032b8dd4 method=groovy.lang.MetaMethod.isStatic()Z @ 1
Event: 11.557 Thread 0x000000001abb3000 Uncommon trap: reason=unstable_if action=reinterpret pc=0x0000000003269bf0 method=java.util.concurrent.ConcurrentHashMap.addCount(JI)V @ 168
Event: 11.557 Thread 0x000000001abb3000 Uncommon trap: reason=unstable_if action=reinterpret pc=0x0000000002a88808 method=java.util.concurrent.ConcurrentHashMap.transfer([Ljava/util/concurrent/ConcurrentHashMap$Node;[Ljava/util/concurrent/ConcurrentHashMap$Node;)V @ 34
Event: 11.557 Thread 0x000000001ac41800 Uncommon trap: reason=unstable_if action=reinterpret pc=0x0000000003262528 method=java.util.concurrent.ConcurrentHashMap.get(Ljava/lang/Object;)Ljava/lang/Object; @ 86
Event: 11.557 Thread 0x0000000018e46000 Uncommon trap: reason=unstable_if action=reinterpret pc=0x00000000031d1dd4 method=java.util.concurrent.ConcurrentHashMap.addCount(JI)V @ 168
Event: 11.559 Thread 0x000000001abb2000 Uncommon trap: reason=unstable_if action=reinterpret pc=0x0000000002a88838 method=java.util.concurrent.ConcurrentHashMap.transfer([Ljava/util/concurrent/ConcurrentHashMap$Node;[Ljava/util/concurrent/ConcurrentHashMap$Node;)V @ 277
Event: 11.559 Thread 0x000000001abb2000 Uncommon trap: reason=unstable_if action=reinterpret pc=0x0000000003269bf0 method=java.util.concurrent.ConcurrentHashMap.addCount(JI)V @ 168

Classes redefined (0 events):
No events

Internal exceptions (10 events):
Event: 12.944 Thread 0x0000000018e46000 Exception <a 'java/lang/ClassNotFoundException': build_4i9sfcvu9gavtui6yakmdvr02BeanInfo> (0x00000000e05b6670) thrown at [D:\src\AOSP-openjdk-cygwin\jdk8u\hotspot\src\share\vm\classfile\systemDictionary.cpp, line 210]
Event: 12.944 Thread 0x0000000018e46000 Exception <a 'java/lang/ClassNotFoundException': build_4i9sfcvu9gavtui6yakmdvr02Customizer> (0x00000000e05c13e0) thrown at [D:\src\AOSP-openjdk-cygwin\jdk8u\hotspot\src\share\vm\classfile\systemDictionary.cpp, line 210]
Event: 13.074 Thread 0x0000000018e46000 Exception <a 'java/lang/ClassNotFoundException': build_4i9sfcvu9gavtui6yakmdvr02BeanInfo> (0x00000000e07f4598) thrown at [D:\src\AOSP-openjdk-cygwin\jdk8u\hotspot\src\share\vm\classfile\systemDictionary.cpp, line 210]
Event: 13.074 Thread 0x0000000018e46000 Exception <a 'java/lang/ClassNotFoundException': build_4i9sfcvu9gavtui6yakmdvr02Customizer> (0x00000000e07ff2e8) thrown at [D:\src\AOSP-openjdk-cygwin\jdk8u\hotspot\src\share\vm\classfile\systemDictionary.cpp, line 210]
Event: 13.094 Thread 0x0000000018e46000 Exception <a 'sun/nio/fs/WindowsException'> (0x00000000e0863120) thrown at [D:\src\AOSP-openjdk-cygwin\jdk8u\hotspot\src\share\vm\prims\jni.cpp, line 709]
Event: 13.223 Thread 0x0000000018e46000 Exception <a 'java/lang/ClassNotFoundException': build_6ggozla5ptphs55773z2sj9gzBeanInfo> (0x00000000e0c534b8) thrown at [D:\src\AOSP-openjdk-cygwin\jdk8u\hotspot\src\share\vm\classfile\systemDictionary.cpp, line 210]
Event: 13.223 Thread 0x0000000018e46000 Exception <a 'java/lang/ClassNotFoundException': build_6ggozla5ptphs55773z2sj9gzCustomizer> (0x00000000e0c5e228) thrown at [D:\src\AOSP-openjdk-cygwin\jdk8u\hotspot\src\share\vm\classfile\systemDictionary.cpp, line 210]
Event: 13.279 Thread 0x0000000018e46000 Exception <a 'java/lang/ClassNotFoundException': build_6ggozla5ptphs55773z2sj9gzBeanInfo> (0x00000000e0e9e2a0) thrown at [D:\src\AOSP-openjdk-cygwin\jdk8u\hotspot\src\share\vm\classfile\systemDictionary.cpp, line 210]
Event: 13.280 Thread 0x0000000018e46000 Exception <a 'java/lang/ClassNotFoundException': build_6ggozla5ptphs55773z2sj9gzCustomizer> (0x00000000e0ea8f70) thrown at [D:\src\AOSP-openjdk-cygwin\jdk8u\hotspot\src\share\vm\classfile\systemDictionary.cpp, line 210]
Event: 13.307 Thread 0x0000000018e46000 Exception <a 'sun/nio/fs/WindowsException'> (0x00000000e0f3d620) thrown at [D:\src\AOSP-openjdk-cygwin\jdk8u\hotspot\src\share\vm\prims\jni.cpp, line 709]

Events (10 events):
Event: 13.294 loading class groovy/runtime/metaclass/build_6ggozla5ptphs55773z2sj9gz$_run_closure2$_closure6MetaClass
Event: 13.294 loading class groovy/runtime/metaclass/build_6ggozla5ptphs55773z2sj9gz$_run_closure2$_closure6MetaClass done
Event: 13.298 loading class groovy/runtime/metaclass/build_6ggozla5ptphs55773z2sj9gz$_run_closure3MetaClass
Event: 13.298 loading class groovy/runtime/metaclass/build_6ggozla5ptphs55773z2sj9gz$_run_closure3MetaClass done
Event: 13.304 loading class groovy/runtime/metaclass/build_6ggozla5ptphs55773z2sj9gz$_run_closure3$_closure7MetaClass
Event: 13.304 loading class groovy/runtime/metaclass/build_6ggozla5ptphs55773z2sj9gz$_run_closure3$_closure7MetaClass done
Event: 13.312 Executing VM operation: ForceSafepoint
Event: 13.312 Executing VM operation: ForceSafepoint done
Event: 13.313 loading class groovy/runtime/metaclass/build_6ggozla5ptphs55773z2sj9gz$_run_closure4MetaClass
Event: 13.313 loading class groovy/runtime/metaclass/build_6ggozla5ptphs55773z2sj9gz$_run_closure4MetaClass done


Dynamic libraries:
0x00007ff652de0000 - 0x00007ff652e11000 	C:\Program Files\Android\Android Studio\jre\bin\java.exe
0x00007ffe6c740000 - 0x00007ffe6c921000 	C:\WINDOWS\SYSTEM32\ntdll.dll
0x00007ffe6a2a0000 - 0x00007ffe6a351000 	C:\WINDOWS\System32\KERNEL32.DLL
0x00007ffe68f20000 - 0x00007ffe69193000 	C:\WINDOWS\System32\KERNELBASE.dll
0x00007ffe6a840000 - 0x00007ffe6a8e1000 	C:\WINDOWS\System32\ADVAPI32.dll
0x00007ffe6ada0000 - 0x00007ffe6ae3e000 	C:\WINDOWS\System32\msvcrt.dll
0x00007ffe69cc0000 - 0x00007ffe69d1b000 	C:\WINDOWS\System32\sechost.dll
0x00007ffe69d20000 - 0x00007ffe69e44000 	C:\WINDOWS\System32\RPCRT4.dll
0x00007ffe6c3e0000 - 0x00007ffe6c570000 	C:\WINDOWS\System32\USER32.dll
0x00007ffe69bb0000 - 0x00007ffe69bd0000 	C:\WINDOWS\System32\win32u.dll
0x00007ffe6a410000 - 0x00007ffe6a438000 	C:\WINDOWS\System32\GDI32.dll
0x00007ffe698b0000 - 0x00007ffe69a42000 	C:\WINDOWS\System32\gdi32full.dll
0x00007ffe68d80000 - 0x00007ffe68e1f000 	C:\WINDOWS\System32\msvcp_win.dll
0x00007ffe68e20000 - 0x00007ffe68f18000 	C:\WINDOWS\System32\ucrtbase.dll
0x00007ffe5aaf0000 - 0x00007ffe5ad59000 	C:\WINDOWS\WinSxS\amd64_microsoft.windows.common-controls_6595b64144ccf1df_6.0.17134.706_none_fb43a2cb30647007\COMCTL32.dll
0x00007ffe6a8f0000 - 0x00007ffe6ac12000 	C:\WINDOWS\System32\combase.dll
0x00007ffe68b10000 - 0x00007ffe68b8a000 	C:\WINDOWS\System32\bcryptPrimitives.dll
0x00007ffe6a4b0000 - 0x00007ffe6a4dd000 	C:\WINDOWS\System32\IMM32.DLL
0x0000000056930000 - 0x0000000056a02000 	C:\Program Files\Android\Android Studio\jre\jre\bin\msvcr100.dll
0x00000000591d0000 - 0x0000000059a11000 	C:\Program Files\Android\Android Studio\jre\jre\bin\server\jvm.dll
0x00007ffe6c610000 - 0x00007ffe6c618000 	C:\WINDOWS\System32\PSAPI.DLL
0x00007ffe5a300000 - 0x00007ffe5a309000 	C:\WINDOWS\SYSTEM32\WSOCK32.dll
0x00007ffe5cc60000 - 0x00007ffe5cc83000 	C:\WINDOWS\SYSTEM32\WINMM.dll
0x00007ffe64520000 - 0x00007ffe6452a000 	C:\WINDOWS\SYSTEM32\VERSION.dll
0x00007ffe6a440000 - 0x00007ffe6a4ac000 	C:\WINDOWS\System32\WS2_32.dll
0x00007ffe5cc30000 - 0x00007ffe5cc5a000 	C:\WINDOWS\SYSTEM32\WINMMBASE.dll
0x00007ffe69b60000 - 0x00007ffe69ba9000 	C:\WINDOWS\System32\cfgmgr32.dll
0x00007ffe63320000 - 0x00007ffe6332f000 	C:\Program Files\Android\Android Studio\jre\jre\bin\verify.dll
0x00007ffe5c4c0000 - 0x00007ffe5c4e9000 	C:\Program Files\Android\Android Studio\jre\jre\bin\java.dll
0x00007ffe62e90000 - 0x00007ffe62ea6000 	C:\Program Files\Android\Android Studio\jre\jre\bin\zip.dll
0x00007ffe6af30000 - 0x00007ffe6c370000 	C:\WINDOWS\System32\SHELL32.dll
0x00007ffe6a360000 - 0x00007ffe6a409000 	C:\WINDOWS\System32\shcore.dll
0x00007ffe691a0000 - 0x00007ffe698ad000 	C:\WINDOWS\System32\windows.storage.dll
0x00007ffe69c60000 - 0x00007ffe69cb1000 	C:\WINDOWS\System32\shlwapi.dll
0x00007ffe68af0000 - 0x00007ffe68b01000 	C:\WINDOWS\System32\kernel.appcore.dll
0x00007ffe68ad0000 - 0x00007ffe68aef000 	C:\WINDOWS\System32\profapi.dll
0x00007ffe68a60000 - 0x00007ffe68aac000 	C:\WINDOWS\System32\powrprof.dll
0x00007ffe68a50000 - 0x00007ffe68a5a000 	C:\WINDOWS\System32\FLTLIB.DLL
0x00007ffe62df0000 - 0x00007ffe62e0a000 	C:\Program Files\Android\Android Studio\jre\jre\bin\net.dll
0x00007ffe682d0000 - 0x00007ffe68336000 	C:\WINDOWS\system32\mswsock.dll
0x00007ffe604e0000 - 0x00007ffe604f1000 	C:\Program Files\Android\Android Studio\jre\jre\bin\nio.dll
0x00007ffe5e8e0000 - 0x00007ffe5e8fe000 	C:\Users\Lukep\.gradle\native\25\windows-amd64\native-platform.dll
0x00007ffe62ef0000 - 0x00007ffe62efd000 	C:\Program Files\Android\Android Studio\jre\jre\bin\management.dll
0x00007ffe68480000 - 0x00007ffe68497000 	C:\WINDOWS\SYSTEM32\CRYPTSP.dll
0x00007ffe67eb0000 - 0x00007ffe67ee3000 	C:\WINDOWS\system32\rsaenh.dll
0x00007ffe685b0000 - 0x00007ffe685d5000 	C:\WINDOWS\SYSTEM32\bcrypt.dll
0x00007ffe68950000 - 0x00007ffe68978000 	C:\WINDOWS\SYSTEM32\USERENV.dll
0x00007ffe684a0000 - 0x00007ffe684ab000 	C:\WINDOWS\SYSTEM32\CRYPTBASE.dll
0x00007ffe68050000 - 0x00007ffe68088000 	C:\WINDOWS\SYSTEM32\IPHLPAPI.DLL
0x00007ffe69bd0000 - 0x00007ffe69bd8000 	C:\WINDOWS\System32\NSI.dll
0x00007ffe61250000 - 0x00007ffe61266000 	C:\WINDOWS\SYSTEM32\dhcpcsvc6.DLL
0x00007ffe61170000 - 0x00007ffe6118a000 	C:\WINDOWS\SYSTEM32\dhcpcsvc.DLL

VM Arguments:
jvm_args: -Xmx1536M -Dfile.encoding=windows-1252 -Duser.country=US -Duser.language=en -Duser.variant 
java_command: org.gradle.launcher.daemon.bootstrap.GradleDaemon 4.10.2
java_class_path (initial): C:\Users\Lukep\.gradle\wrapper\dists\gradle-4.10.2-all\9fahxiiecdb76a5g3aw9oi8rv\gradle-4.10.2\lib\gradle-launcher-4.10.2.jar
Launcher Type: SUN_STANDARD

Environment Variables:
JAVA_HOME=C:\Program Files\Android\Android Studio\jre
CLASSPATH=C:\Users\Lukep\Desktop\KA\KitchenAssist\android\\gradle\wrapper\gradle-wrapper.jar
PATH=C:\Program Files (x86)\Intel\Intel(R) Management Engine Components\iCLS\;C:\Program Files\Intel\Intel(R) Management Engine Components\iCLS\;C:\Windows\system32;C:\Windows;C:\Windows\System32\Wbem;C:\Windows\System32\WindowsPowerShell\v1.0\;C:\Program Files (x86)\Intel\Intel(R) Management Engine Components\DAL;C:\Program Files\Intel\Intel(R) Management Engine Components\DAL;C:\Program Files (x86)\Intel\Intel(R) Management Engine Components\IPT;C:\Program Files\Intel\Intel(R) Management Engine Components\IPT;C:\Program Files (x86)\NVIDIA Corporation\PhysX\Common;C:\Program Files\Intel\WiFi\bin\;C:\Program Files\Common Files\Intel\WirelessCommon\;C:\WINDOWS\system32;C:\WINDOWS;C:\WINDOWS\System32\Wbem;C:\WINDOWS\System32\WindowsPowerShell\v1.0\;C:\WINDOWS\System32\OpenSSH\;C:\MinGW\bin;C:\Program Files\dotnet\;C:\Program Files\Git\cmd;C:\Program Files\NVIDIA Corporation\NVIDIA NvDLISR;C:\Users\Lukep\AppData\Local\Microsoft\WindowsApps
USERNAME=Lukep
OS=Windows_NT
PROCESSOR_IDENTIFIER=Intel64 Family 6 Model 158 Stepping 9, GenuineIntel



---------------  S Y S T E M  ---------------

OS: Windows 10.0 , 64 bit Build 17134 (10.0.17134.706)

CPU:total 4 (initial active 4) (4 cores per cpu, 1 threads per core) family 6 model 158 stepping 9, cmov, cx8, fxsr, mmx, sse, sse2, sse3, ssse3, sse4.1, sse4.2, popcnt, avx, avx2, aes, clmul, erms, 3dnowpref, lzcnt, tsc, tscinvbit, bmi1, bmi2, adx

Memory: 4k page, physical 16640468k(4894460k free), swap 16640468k(5308k free)

vm_info: OpenJDK 64-Bit Server VM (25.152-b01) for windows-amd64 JRE (1.8.0_152-release-1248-b01), built by "builder" with MS VC++ 10.0 (VS2010)

time: Sun Apr 14 20:02:44 2019
elapsed time: 13 seconds (0d 0h 0m 13s)

